2020-10-13 09:03:42	200	GET / HTTP/1.1	Mozilla/5.0 (Macintosh; Intel Mac OS X 10_15_6) AppleWebKit/537.36 (KHTML, like Gecko) Chrome/85.0.4183.121 Safari/537.36	-	0:0:0:0:0:0:0:1	1830
2020-10-13 09:03:42	200	GET /css/app.1c5bb2ec.css HTTP/1.1	Mozilla/5.0 (Macintosh; Intel Mac OS X 10_15_6) AppleWebKit/537.36 (KHTML, like Gecko) Chrome/85.0.4183.121 Safari/537.36	http://localhost:8080/	0:0:0:0:0:0:0:1	89921
2020-10-13 09:03:42	200	GET /js/chunk-2d219ff9.0aab29fd.js HTTP/1.1	Mozilla/5.0 (Macintosh; Intel Mac OS X 10_15_6) AppleWebKit/537.36 (KHTML, like Gecko) Chrome/85.0.4183.121 Safari/537.36	http://localhost:8080/	0:0:0:0:0:0:0:1	40112
2020-10-13 09:03:42	200	GET /css/chunk-vendors.427d5374.css HTTP/1.1	Mozilla/5.0 (Macintosh; Intel Mac OS X 10_15_6) AppleWebKit/537.36 (KHTML, like Gecko) Chrome/85.0.4183.121 Safari/537.36	http://localhost:8080/	0:0:0:0:0:0:0:1	254812
2020-10-13 09:03:42	200	GET /js/chunk-vendors.039d618e.js HTTP/1.1	Mozilla/5.0 (Macintosh; Intel Mac OS X 10_15_6) AppleWebKit/537.36 (KHTML, like Gecko) Chrome/85.0.4183.121 Safari/537.36	http://localhost:8080/	0:0:0:0:0:0:0:1	763648
2020-10-13 09:03:42	200	GET /js/app.abf24acc.js HTTP/1.1	Mozilla/5.0 (Macintosh; Intel Mac OS X 10_15_6) AppleWebKit/537.36 (KHTML, like Gecko) Chrome/85.0.4183.121 Safari/537.36	http://localhost:8080/	0:0:0:0:0:0:0:1	88928
2020-10-13 09:03:42	200	GET /js/chunk-2d219ff9.0aab29fd.js HTTP/1.1	Mozilla/5.0 (Macintosh; Intel Mac OS X 10_15_6) AppleWebKit/537.36 (KHTML, like Gecko) Chrome/85.0.4183.121 Safari/537.36	http://localhost:8080/	0:0:0:0:0:0:0:1	40112
2020-10-13 09:03:42	200	GET /img/vue-logo.png HTTP/1.1	Mozilla/5.0 (Macintosh; Intel Mac OS X 10_15_6) AppleWebKit/537.36 (KHTML, like Gecko) Chrome/85.0.4183.121 Safari/537.36	http://localhost:8080/	0:0:0:0:0:0:0:1	4178
2020-10-13 09:03:42	200	GET /img/sidebar-5.jpg HTTP/1.1	Mozilla/5.0 (Macintosh; Intel Mac OS X 10_15_6) AppleWebKit/537.36 (KHTML, like Gecko) Chrome/85.0.4183.121 Safari/537.36	http://localhost:8080/	0:0:0:0:0:0:0:1	77287
2020-10-13 09:03:42	200	GET /fonts/nucleo-icons.ff208b8d.woff2 HTTP/1.1	Mozilla/5.0 (Macintosh; Intel Mac OS X 10_15_6) AppleWebKit/537.36 (KHTML, like Gecko) Chrome/85.0.4183.121 Safari/537.36	http://localhost:8080/css/app.1c5bb2ec.css	0:0:0:0:0:0:0:1	13344
2020-10-13 09:03:43	200	GET /service-worker.js HTTP/1.1	Mozilla/5.0 (Macintosh; Intel Mac OS X 10_15_6) AppleWebKit/537.36 (KHTML, like Gecko) Chrome/85.0.4183.121 Safari/537.36	http://localhost:8080/	0:0:0:0:0:0:0:1	986
2020-10-13 09:03:43	200	GET /service-worker.js HTTP/1.1	Mozilla/5.0 (Macintosh; Intel Mac OS X 10_15_6) AppleWebKit/537.36 (KHTML, like Gecko) Chrome/85.0.4183.121 Safari/537.36	http://localhost:8080/	0:0:0:0:0:0:0:1	986
2020-10-13 09:03:43	200	GET /precache-manifest.e4509e606f274ff1edc4299bebcf4264.js HTTP/1.1	Mozilla/5.0 (Macintosh; Intel Mac OS X 10_15_6) AppleWebKit/537.36 (KHTML, like Gecko) Chrome/85.0.4183.121 Safari/537.36	http://localhost:8080/service-worker.js	0:0:0:0:0:0:0:1	3320
2020-10-13 09:03:43	200	GET /service-worker.js HTTP/1.1	Mozilla/5.0 (Macintosh; Intel Mac OS X 10_15_6) AppleWebKit/537.36 (KHTML, like Gecko) Chrome/85.0.4183.121 Safari/537.36	http://localhost:8080/service-worker.js	0:0:0:0:0:0:0:1	986
2020-10-13 09:03:43	200	GET /fonts/nucleo-icons.ff208b8d.woff2 HTTP/1.1	Mozilla/5.0 (Macintosh; Intel Mac OS X 10_15_6) AppleWebKit/537.36 (KHTML, like Gecko) Chrome/85.0.4183.121 Safari/537.36	http://localhost:8080/service-worker.js	0:0:0:0:0:0:0:1	13344
2020-10-13 09:03:43	200	GET /css/app.1c5bb2ec.css HTTP/1.1	Mozilla/5.0 (Macintosh; Intel Mac OS X 10_15_6) AppleWebKit/537.36 (KHTML, like Gecko) Chrome/85.0.4183.121 Safari/537.36	http://localhost:8080/service-worker.js	0:0:0:0:0:0:0:1	89921
2020-10-13 09:03:43	200	GET /js/app.abf24acc.js HTTP/1.1	Mozilla/5.0 (Macintosh; Intel Mac OS X 10_15_6) AppleWebKit/537.36 (KHTML, like Gecko) Chrome/85.0.4183.121 Safari/537.36	http://localhost:8080/service-worker.js	0:0:0:0:0:0:0:1	88928
2020-10-13 09:03:43	200	GET /js/chunk-2d219ff9.0aab29fd.js HTTP/1.1	Mozilla/5.0 (Macintosh; Intel Mac OS X 10_15_6) AppleWebKit/537.36 (KHTML, like Gecko) Chrome/85.0.4183.121 Safari/537.36	http://localhost:8080/service-worker.js	0:0:0:0:0:0:0:1	40112
2020-10-13 09:03:43	200	GET /fonts/nucleo-icons.8224e016.eot HTTP/1.1	Mozilla/5.0 (Macintosh; Intel Mac OS X 10_15_6) AppleWebKit/537.36 (KHTML, like Gecko) Chrome/85.0.4183.121 Safari/537.36	http://localhost:8080/service-worker.js	0:0:0:0:0:0:0:1	27560
2020-10-13 09:03:43	200	GET /fonts/nucleo-icons.b0dc05d0.ttf HTTP/1.1	Mozilla/5.0 (Macintosh; Intel Mac OS X 10_15_6) AppleWebKit/537.36 (KHTML, like Gecko) Chrome/85.0.4183.121 Safari/537.36	http://localhost:8080/service-worker.js	0:0:0:0:0:0:0:1	27376
2020-10-13 09:03:43	200	GET /js/chunk-vendors.039d618e.js HTTP/1.1	Mozilla/5.0 (Macintosh; Intel Mac OS X 10_15_6) AppleWebKit/537.36 (KHTML, like Gecko) Chrome/85.0.4183.121 Safari/537.36	http://localhost:8080/service-worker.js	0:0:0:0:0:0:0:1	763648
2020-10-13 09:03:43	200	GET /css/chunk-vendors.427d5374.css HTTP/1.1	Mozilla/5.0 (Macintosh; Intel Mac OS X 10_15_6) AppleWebKit/537.36 (KHTML, like Gecko) Chrome/85.0.4183.121 Safari/537.36	http://localhost:8080/service-worker.js	0:0:0:0:0:0:0:1	254812
2020-10-13 09:03:43	200	GET /img/default-avatar.png HTTP/1.1	Mozilla/5.0 (Macintosh; Intel Mac OS X 10_15_6) AppleWebKit/537.36 (KHTML, like Gecko) Chrome/85.0.4183.121 Safari/537.36	http://localhost:8080/service-worker.js	0:0:0:0:0:0:0:1	2864
2020-10-13 09:03:43	200	GET /favicon.png HTTP/1.1	Mozilla/5.0 (Macintosh; Intel Mac OS X 10_15_6) AppleWebKit/537.36 (KHTML, like Gecko) Chrome/85.0.4183.121 Safari/537.36	http://localhost:8080/service-worker.js	0:0:0:0:0:0:0:1	2761
2020-10-13 09:03:43	200	GET /index.html HTTP/1.1	Mozilla/5.0 (Macintosh; Intel Mac OS X 10_15_6) AppleWebKit/537.36 (KHTML, like Gecko) Chrome/85.0.4183.121 Safari/537.36	http://localhost:8080/service-worker.js	0:0:0:0:0:0:0:1	1830
2020-10-13 09:03:43	200	GET /img/nucleo-icons.ae42fa52.svg HTTP/1.1	Mozilla/5.0 (Macintosh; Intel Mac OS X 10_15_6) AppleWebKit/537.36 (KHTML, like Gecko) Chrome/85.0.4183.121 Safari/537.36	http://localhost:8080/service-worker.js	0:0:0:0:0:0:0:1	149268
2020-10-13 09:03:43	200	GET /img/faces/face-0.jpg HTTP/1.1	Mozilla/5.0 (Macintosh; Intel Mac OS X 10_15_6) AppleWebKit/537.36 (KHTML, like Gecko) Chrome/85.0.4183.121 Safari/537.36	http://localhost:8080/service-worker.js	0:0:0:0:0:0:0:1	2864
2020-10-13 09:03:43	200	GET /Dashboard.PNG HTTP/1.1	Mozilla/5.0 (Macintosh; Intel Mac OS X 10_15_6) AppleWebKit/537.36 (KHTML, like Gecko) Chrome/85.0.4183.121 Safari/537.36	http://localhost:8080/service-worker.js	0:0:0:0:0:0:0:1	224552
2020-10-13 09:03:43	200	GET /img/faces/face-2.jpg HTTP/1.1	Mozilla/5.0 (Macintosh; Intel Mac OS X 10_15_6) AppleWebKit/537.36 (KHTML, like Gecko) Chrome/85.0.4183.121 Safari/537.36	http://localhost:8080/service-worker.js	0:0:0:0:0:0:0:1	20663
2020-10-13 09:03:43	200	GET /img/faces/face-3.jpg HTTP/1.1	Mozilla/5.0 (Macintosh; Intel Mac OS X 10_15_6) AppleWebKit/537.36 (KHTML, like Gecko) Chrome/85.0.4183.121 Safari/537.36	http://localhost:8080/service-worker.js	0:0:0:0:0:0:0:1	20603
2020-10-13 09:03:43	200	GET /img/faces/face-1.jpg HTTP/1.1	Mozilla/5.0 (Macintosh; Intel Mac OS X 10_15_6) AppleWebKit/537.36 (KHTML, like Gecko) Chrome/85.0.4183.121 Safari/537.36	http://localhost:8080/service-worker.js	0:0:0:0:0:0:0:1	20568
2020-10-13 09:03:43	200	GET /img/faces/face-4.jpg HTTP/1.1	Mozilla/5.0 (Macintosh; Intel Mac OS X 10_15_6) AppleWebKit/537.36 (KHTML, like Gecko) Chrome/85.0.4183.121 Safari/537.36	http://localhost:8080/service-worker.js	0:0:0:0:0:0:0:1	19868
2020-10-13 09:03:43	200	GET /img/faces/face-5.jpg HTTP/1.1	Mozilla/5.0 (Macintosh; Intel Mac OS X 10_15_6) AppleWebKit/537.36 (KHTML, like Gecko) Chrome/85.0.4183.121 Safari/537.36	http://localhost:8080/service-worker.js	0:0:0:0:0:0:0:1	4716
2020-10-13 09:03:43	200	GET /img/faces/face-7.jpg HTTP/1.1	Mozilla/5.0 (Macintosh; Intel Mac OS X 10_15_6) AppleWebKit/537.36 (KHTML, like Gecko) Chrome/85.0.4183.121 Safari/537.36	http://localhost:8080/service-worker.js	0:0:0:0:0:0:0:1	21603
2020-10-13 09:03:43	200	GET /img/faces/face-6.jpg HTTP/1.1	Mozilla/5.0 (Macintosh; Intel Mac OS X 10_15_6) AppleWebKit/537.36 (KHTML, like Gecko) Chrome/85.0.4183.121 Safari/537.36	http://localhost:8080/service-worker.js	0:0:0:0:0:0:0:1	4581
2020-10-13 09:03:43	200	GET /img/favicon.png HTTP/1.1	Mozilla/5.0 (Macintosh; Intel Mac OS X 10_15_6) AppleWebKit/537.36 (KHTML, like Gecko) Chrome/85.0.4183.121 Safari/537.36	http://localhost:8080/service-worker.js	0:0:0:0:0:0:0:1	2761
2020-10-13 09:03:43	200	GET /img/faces/tim_vector.jpe HTTP/1.1	Mozilla/5.0 (Macintosh; Intel Mac OS X 10_15_6) AppleWebKit/537.36 (KHTML, like Gecko) Chrome/85.0.4183.121 Safari/537.36	http://localhost:8080/service-worker.js	0:0:0:0:0:0:0:1	29406
2020-10-13 09:03:43	200	GET /img/loading-bubbles.svg HTTP/1.1	Mozilla/5.0 (Macintosh; Intel Mac OS X 10_15_6) AppleWebKit/537.36 (KHTML, like Gecko) Chrome/85.0.4183.121 Safari/537.36	http://localhost:8080/service-worker.js	0:0:0:0:0:0:0:1	950
2020-10-13 09:03:43	200	GET /img/new_logo.png HTTP/1.1	Mozilla/5.0 (Macintosh; Intel Mac OS X 10_15_6) AppleWebKit/537.36 (KHTML, like Gecko) Chrome/85.0.4183.121 Safari/537.36	http://localhost:8080/service-worker.js	0:0:0:0:0:0:0:1	3557
2020-10-13 09:03:43	200	GET /img/mask.png HTTP/1.1	Mozilla/5.0 (Macintosh; Intel Mac OS X 10_15_6) AppleWebKit/537.36 (KHTML, like Gecko) Chrome/85.0.4183.121 Safari/537.36	http://localhost:8080/service-worker.js	0:0:0:0:0:0:0:1	756
2020-10-13 09:03:43	200	GET /img/sidebar-4.jpg HTTP/1.1	Mozilla/5.0 (Macintosh; Intel Mac OS X 10_15_6) AppleWebKit/537.36 (KHTML, like Gecko) Chrome/85.0.4183.121 Safari/537.36	http://localhost:8080/service-worker.js	0:0:0:0:0:0:0:1	143224
2020-10-13 09:03:43	200	GET /img/sidebar-2.jpg HTTP/1.1	Mozilla/5.0 (Macintosh; Intel Mac OS X 10_15_6) AppleWebKit/537.36 (KHTML, like Gecko) Chrome/85.0.4183.121 Safari/537.36	http://localhost:8080/service-worker.js	0:0:0:0:0:0:0:1	129997
2020-10-13 09:03:43	200	GET /img/sidebar-1.jpg HTTP/1.1	Mozilla/5.0 (Macintosh; Intel Mac OS X 10_15_6) AppleWebKit/537.36 (KHTML, like Gecko) Chrome/85.0.4183.121 Safari/537.36	http://localhost:8080/service-worker.js	0:0:0:0:0:0:0:1	225399
2020-10-13 09:03:43	200	GET /img/tim_80x80.png HTTP/1.1	Mozilla/5.0 (Macintosh; Intel Mac OS X 10_15_6) AppleWebKit/537.36 (KHTML, like Gecko) Chrome/85.0.4183.121 Safari/537.36	http://localhost:8080/service-worker.js	0:0:0:0:0:0:0:1	4821
2020-10-13 09:03:43	200	GET /img/sidebar-5.jpg HTTP/1.1	Mozilla/5.0 (Macintosh; Intel Mac OS X 10_15_6) AppleWebKit/537.36 (KHTML, like Gecko) Chrome/85.0.4183.121 Safari/537.36	http://localhost:8080/service-worker.js	0:0:0:0:0:0:0:1	77287
2020-10-13 09:03:43	200	GET /robots.txt HTTP/1.1	Mozilla/5.0 (Macintosh; Intel Mac OS X 10_15_6) AppleWebKit/537.36 (KHTML, like Gecko) Chrome/85.0.4183.121 Safari/537.36	http://localhost:8080/service-worker.js	0:0:0:0:0:0:0:1	24
2020-10-13 09:03:43	200	GET /img/vue-logo.png HTTP/1.1	Mozilla/5.0 (Macintosh; Intel Mac OS X 10_15_6) AppleWebKit/537.36 (KHTML, like Gecko) Chrome/85.0.4183.121 Safari/537.36	http://localhost:8080/service-worker.js	0:0:0:0:0:0:0:1	4178
2020-10-13 09:03:43	200	GET /img/sidebar-3.jpg HTTP/1.1	Mozilla/5.0 (Macintosh; Intel Mac OS X 10_15_6) AppleWebKit/537.36 (KHTML, like Gecko) Chrome/85.0.4183.121 Safari/537.36	http://localhost:8080/service-worker.js	0:0:0:0:0:0:0:1	119572
2020-10-13 09:03:43	404	GET /.gitkeep HTTP/1.1	Mozilla/5.0 (Macintosh; Intel Mac OS X 10_15_6) AppleWebKit/537.36 (KHTML, like Gecko) Chrome/85.0.4183.121 Safari/537.36	http://localhost:8080/service-worker.js	0:0:0:0:0:0:0:1	141
2020-10-13 09:03:46	200	GET /css/chunk-vendors.427d5374.css HTTP/1.1	Mozilla/5.0 (Macintosh; Intel Mac OS X 10_15_6) AppleWebKit/537.36 (KHTML, like Gecko) Chrome/85.0.4183.121 Safari/537.36	http://localhost:8080/	0:0:0:0:0:0:0:1	254812
2020-10-13 09:03:46	200	GET /css/app.1c5bb2ec.css HTTP/1.1	Mozilla/5.0 (Macintosh; Intel Mac OS X 10_15_6) AppleWebKit/537.36 (KHTML, like Gecko) Chrome/85.0.4183.121 Safari/537.36	http://localhost:8080/	0:0:0:0:0:0:0:1	89921
2020-10-13 09:03:46	200	GET /manifest.json HTTP/1.1	Mozilla/5.0 (Macintosh; Intel Mac OS X 10_15_6) AppleWebKit/537.36 (KHTML, like Gecko) Chrome/85.0.4183.121 Safari/537.36	http://localhost:8080/	0:0:0:0:0:0:0:1	471
2020-10-13 09:03:46	200	GET /js/app.abf24acc.js.map HTTP/1.1	Mozilla/5.0 (Macintosh; Intel Mac OS X 10_15_6) AppleWebKit/537.36 (KHTML, like Gecko) Chrome/85.0.4183.121 Safari/537.36	-	0:0:0:0:0:0:0:1	326147
2020-10-13 09:03:46	200	GET /js/chunk-2d219ff9.0aab29fd.js.map HTTP/1.1	Mozilla/5.0 (Macintosh; Intel Mac OS X 10_15_6) AppleWebKit/537.36 (KHTML, like Gecko) Chrome/85.0.4183.121 Safari/537.36	-	0:0:0:0:0:0:0:1	242820
2020-10-13 09:03:46	200	GET /js/chunk-vendors.039d618e.js.map HTTP/1.1	Mozilla/5.0 (Macintosh; Intel Mac OS X 10_15_6) AppleWebKit/537.36 (KHTML, like Gecko) Chrome/85.0.4183.121 Safari/537.36	-	0:0:0:0:0:0:0:1	3906877
2020-10-13 09:04:03	200	GET /admin/menu/gettest?test1=abc&test2=123 HTTP/1.1	Mozilla/5.0 (Macintosh; Intel Mac OS X 10_15_6) AppleWebKit/537.36 (KHTML, like Gecko) Chrome/85.0.4183.121 Safari/537.36	http://localhost:8080/	0:0:0:0:0:0:0:1	7
2020-10-13 09:04:19	200	GET /js/app.abf24acc.js.map HTTP/1.1	Mozilla/5.0 (Macintosh; Intel Mac OS X 10_15_6) AppleWebKit/537.36 (KHTML, like Gecko) Chrome/85.0.4183.121 Safari/537.36	-	0:0:0:0:0:0:0:1	326147
2020-10-13 09:04:19	200	GET /js/chunk-vendors.039d618e.js.map HTTP/1.1	Mozilla/5.0 (Macintosh; Intel Mac OS X 10_15_6) AppleWebKit/537.36 (KHTML, like Gecko) Chrome/85.0.4183.121 Safari/537.36	-	0:0:0:0:0:0:0:1	3906877
2020-10-13 09:04:19	200	GET /service-worker.js HTTP/1.1	Mozilla/5.0 (Macintosh; Intel Mac OS X 10_15_6) AppleWebKit/537.36 (KHTML, like Gecko) Chrome/85.0.4183.121 Safari/537.36	http://localhost:8080/	0:0:0:0:0:0:0:1	986
2020-10-13 09:04:21	200	GET /service-worker.js HTTP/1.1	Mozilla/5.0 (Macintosh; Intel Mac OS X 10_15_6) AppleWebKit/537.36 (KHTML, like Gecko) Chrome/85.0.4183.121 Safari/537.36	http://localhost:8080/service-worker.js	0:0:0:0:0:0:0:1	986
2020-10-13 09:04:21	200	GET /precache-manifest.e4509e606f274ff1edc4299bebcf4264.js HTTP/1.1	Mozilla/5.0 (Macintosh; Intel Mac OS X 10_15_6) AppleWebKit/537.36 (KHTML, like Gecko) Chrome/85.0.4183.121 Safari/537.36	http://localhost:8080/service-worker.js	0:0:0:0:0:0:0:1	3320
2020-10-13 09:04:22	200	GET / HTTP/1.1	Mozilla/5.0 (Macintosh; Intel Mac OS X 10_15_6) AppleWebKit/537.36 (KHTML, like Gecko) Chrome/85.0.4183.121 Safari/537.36	-	0:0:0:0:0:0:0:1	1830
2020-10-13 09:04:22	200	GET /css/app.1c5bb2ec.css HTTP/1.1	Mozilla/5.0 (Macintosh; Intel Mac OS X 10_15_6) AppleWebKit/537.36 (KHTML, like Gecko) Chrome/85.0.4183.121 Safari/537.36	http://localhost:8080/	0:0:0:0:0:0:0:1	89921
2020-10-13 09:04:22	200	GET /css/chunk-vendors.427d5374.css HTTP/1.1	Mozilla/5.0 (Macintosh; Intel Mac OS X 10_15_6) AppleWebKit/537.36 (KHTML, like Gecko) Chrome/85.0.4183.121 Safari/537.36	http://localhost:8080/	0:0:0:0:0:0:0:1	254812
2020-10-13 09:04:22	200	GET /js/app.abf24acc.js HTTP/1.1	Mozilla/5.0 (Macintosh; Intel Mac OS X 10_15_6) AppleWebKit/537.36 (KHTML, like Gecko) Chrome/85.0.4183.121 Safari/537.36	http://localhost:8080/	0:0:0:0:0:0:0:1	88928
2020-10-13 09:04:22	200	GET /js/chunk-2d219ff9.0aab29fd.js HTTP/1.1	Mozilla/5.0 (Macintosh; Intel Mac OS X 10_15_6) AppleWebKit/537.36 (KHTML, like Gecko) Chrome/85.0.4183.121 Safari/537.36	http://localhost:8080/	0:0:0:0:0:0:0:1	40112
2020-10-13 09:04:22	200	GET /js/chunk-vendors.039d618e.js HTTP/1.1	Mozilla/5.0 (Macintosh; Intel Mac OS X 10_15_6) AppleWebKit/537.36 (KHTML, like Gecko) Chrome/85.0.4183.121 Safari/537.36	http://localhost:8080/	0:0:0:0:0:0:0:1	763648
2020-10-13 09:04:22	200	GET /js/app.abf24acc.js.map HTTP/1.1	Mozilla/5.0 (Macintosh; Intel Mac OS X 10_15_6) AppleWebKit/537.36 (KHTML, like Gecko) Chrome/85.0.4183.121 Safari/537.36	-	0:0:0:0:0:0:0:1	326147
2020-10-13 09:04:22	200	GET /js/chunk-vendors.039d618e.js.map HTTP/1.1	Mozilla/5.0 (Macintosh; Intel Mac OS X 10_15_6) AppleWebKit/537.36 (KHTML, like Gecko) Chrome/85.0.4183.121 Safari/537.36	-	0:0:0:0:0:0:0:1	3906877
2020-10-13 09:04:22	200	GET /img/vue-logo.png HTTP/1.1	Mozilla/5.0 (Macintosh; Intel Mac OS X 10_15_6) AppleWebKit/537.36 (KHTML, like Gecko) Chrome/85.0.4183.121 Safari/537.36	http://localhost:8080/	0:0:0:0:0:0:0:1	4178
2020-10-13 09:04:22	200	GET /img/sidebar-5.jpg HTTP/1.1	Mozilla/5.0 (Macintosh; Intel Mac OS X 10_15_6) AppleWebKit/537.36 (KHTML, like Gecko) Chrome/85.0.4183.121 Safari/537.36	http://localhost:8080/	0:0:0:0:0:0:0:1	77287
2020-10-13 09:04:22	200	GET /fonts/nucleo-icons.ff208b8d.woff2 HTTP/1.1	Mozilla/5.0 (Macintosh; Intel Mac OS X 10_15_6) AppleWebKit/537.36 (KHTML, like Gecko) Chrome/85.0.4183.121 Safari/537.36	http://localhost:8080/css/app.1c5bb2ec.css	0:0:0:0:0:0:0:1	13344
2020-10-13 09:04:23	200	GET /service-worker.js HTTP/1.1	Mozilla/5.0 (Macintosh; Intel Mac OS X 10_15_6) AppleWebKit/537.36 (KHTML, like Gecko) Chrome/85.0.4183.121 Safari/537.36	http://localhost:8080/	0:0:0:0:0:0:0:1	986
2020-10-13 09:05:43	200	GET / HTTP/1.1	Mozilla/5.0 (Macintosh; Intel Mac OS X 10_15_6) AppleWebKit/537.36 (KHTML, like Gecko) Chrome/85.0.4183.121 Safari/537.36	-	0:0:0:0:0:0:0:1	1830
2020-10-13 09:05:43	200	GET /js/chunk-2d219ff9.0aab29fd.js HTTP/1.1	Mozilla/5.0 (Macintosh; Intel Mac OS X 10_15_6) AppleWebKit/537.36 (KHTML, like Gecko) Chrome/85.0.4183.121 Safari/537.36	http://localhost:8080/	0:0:0:0:0:0:0:1	40112
2020-10-13 09:05:43	200	GET /js/app.4c45c88d.js HTTP/1.1	Mozilla/5.0 (Macintosh; Intel Mac OS X 10_15_6) AppleWebKit/537.36 (KHTML, like Gecko) Chrome/85.0.4183.121 Safari/537.36	http://localhost:8080/	0:0:0:0:0:0:0:1	88927
2020-10-13 09:05:43	200	GET /css/app.1c5bb2ec.css HTTP/1.1	Mozilla/5.0 (Macintosh; Intel Mac OS X 10_15_6) AppleWebKit/537.36 (KHTML, like Gecko) Chrome/85.0.4183.121 Safari/537.36	http://localhost:8080/	0:0:0:0:0:0:0:1	89921
2020-10-13 09:05:43	200	GET /css/chunk-vendors.427d5374.css HTTP/1.1	Mozilla/5.0 (Macintosh; Intel Mac OS X 10_15_6) AppleWebKit/537.36 (KHTML, like Gecko) Chrome/85.0.4183.121 Safari/537.36	http://localhost:8080/	0:0:0:0:0:0:0:1	254812
2020-10-13 09:05:43	200	GET /js/chunk-vendors.039d618e.js HTTP/1.1	Mozilla/5.0 (Macintosh; Intel Mac OS X 10_15_6) AppleWebKit/537.36 (KHTML, like Gecko) Chrome/85.0.4183.121 Safari/537.36	http://localhost:8080/	0:0:0:0:0:0:0:1	763648
2020-10-13 09:05:43	200	GET /js/app.4c45c88d.js.map HTTP/1.1	Mozilla/5.0 (Macintosh; Intel Mac OS X 10_15_6) AppleWebKit/537.36 (KHTML, like Gecko) Chrome/85.0.4183.121 Safari/537.36	-	0:0:0:0:0:0:0:1	326154
2020-10-13 09:05:43	200	GET /js/chunk-vendors.039d618e.js.map HTTP/1.1	Mozilla/5.0 (Macintosh; Intel Mac OS X 10_15_6) AppleWebKit/537.36 (KHTML, like Gecko) Chrome/85.0.4183.121 Safari/537.36	-	0:0:0:0:0:0:0:1	3906877
2020-10-13 09:05:43	200	GET /img/vue-logo.png HTTP/1.1	Mozilla/5.0 (Macintosh; Intel Mac OS X 10_15_6) AppleWebKit/537.36 (KHTML, like Gecko) Chrome/85.0.4183.121 Safari/537.36	http://localhost:8080/	0:0:0:0:0:0:0:1	4178
2020-10-13 09:05:43	200	GET /img/sidebar-5.jpg HTTP/1.1	Mozilla/5.0 (Macintosh; Intel Mac OS X 10_15_6) AppleWebKit/537.36 (KHTML, like Gecko) Chrome/85.0.4183.121 Safari/537.36	http://localhost:8080/	0:0:0:0:0:0:0:1	77287
2020-10-13 09:05:43	200	GET /fonts/nucleo-icons.ff208b8d.woff2 HTTP/1.1	Mozilla/5.0 (Macintosh; Intel Mac OS X 10_15_6) AppleWebKit/537.36 (KHTML, like Gecko) Chrome/85.0.4183.121 Safari/537.36	http://localhost:8080/css/app.1c5bb2ec.css	0:0:0:0:0:0:0:1	13344
2020-10-13 09:05:43	200	GET /service-worker.js HTTP/1.1	Mozilla/5.0 (Macintosh; Intel Mac OS X 10_15_6) AppleWebKit/537.36 (KHTML, like Gecko) Chrome/85.0.4183.121 Safari/537.36	http://localhost:8080/	0:0:0:0:0:0:0:1	986
2020-10-13 09:06:18	200	GET /admin/menu/gettest?test1=test&test2=123 HTTP/1.1	Mozilla/5.0 (Macintosh; Intel Mac OS X 10_15_6) AppleWebKit/537.36 (KHTML, like Gecko) Chrome/85.0.4183.121 Safari/537.36	http://localhost:8080/	0:0:0:0:0:0:0:1	7
2020-10-13 09:06:25	200	POST /admin/menu/posttest HTTP/1.1	Mozilla/5.0 (Macintosh; Intel Mac OS X 10_15_6) AppleWebKit/537.36 (KHTML, like Gecko) Chrome/85.0.4183.121 Safari/537.36	http://localhost:8080/	0:0:0:0:0:0:0:1	11
2020-10-13 09:06:28	200	GET /admin/menu/gettest?test1=test&test2=123 HTTP/1.1	Mozilla/5.0 (Macintosh; Intel Mac OS X 10_15_6) AppleWebKit/537.36 (KHTML, like Gecko) Chrome/85.0.4183.121 Safari/537.36	http://localhost:8080/	0:0:0:0:0:0:0:1	7
2020-10-13 09:06:29	200	POST /admin/menu/posttest HTTP/1.1	Mozilla/5.0 (Macintosh; Intel Mac OS X 10_15_6) AppleWebKit/537.36 (KHTML, like Gecko) Chrome/85.0.4183.121 Safari/537.36	http://localhost:8080/	0:0:0:0:0:0:0:1	11
2020-10-13 09:06:35	200	POST /admin/menu/posttest HTTP/1.1	Mozilla/5.0 (Macintosh; Intel Mac OS X 10_15_6) AppleWebKit/537.36 (KHTML, like Gecko) Chrome/85.0.4183.121 Safari/537.36	http://localhost:8080/	0:0:0:0:0:0:0:1	11
2020-10-13 09:07:18	200	POST /admin/menu/posttest HTTP/1.1	Mozilla/5.0 (Macintosh; Intel Mac OS X 10_15_6) AppleWebKit/537.36 (KHTML, like Gecko) Chrome/85.0.4183.121 Safari/537.36	http://localhost:8080/	0:0:0:0:0:0:0:1	11
2020-10-13 09:07:29	200	GET /admin/menu/gettest?test1=test&test2=124 HTTP/1.1	Mozilla/5.0 (Macintosh; Intel Mac OS X 10_15_6) AppleWebKit/537.36 (KHTML, like Gecko) Chrome/85.0.4183.121 Safari/537.36	http://localhost:8080/	0:0:0:0:0:0:0:1	7
2020-10-13 09:07:31	200	POST /admin/menu/posttest HTTP/1.1	Mozilla/5.0 (Macintosh; Intel Mac OS X 10_15_6) AppleWebKit/537.36 (KHTML, like Gecko) Chrome/85.0.4183.121 Safari/537.36	http://localhost:8080/	0:0:0:0:0:0:0:1	11
2020-10-13 09:08:25	200	GET / HTTP/1.1	Mozilla/5.0 (Macintosh; Intel Mac OS X 10_15_6) AppleWebKit/537.36 (KHTML, like Gecko) Chrome/85.0.4183.121 Safari/537.36	-	0:0:0:0:0:0:0:1	1830
2020-10-13 09:08:26	200	GET /js/app.4c45c88d.js HTTP/1.1	Mozilla/5.0 (Macintosh; Intel Mac OS X 10_15_6) AppleWebKit/537.36 (KHTML, like Gecko) Chrome/85.0.4183.121 Safari/537.36	http://localhost:8080/	0:0:0:0:0:0:0:1	88927
2020-10-13 09:08:26	200	GET /css/chunk-vendors.427d5374.css HTTP/1.1	Mozilla/5.0 (Macintosh; Intel Mac OS X 10_15_6) AppleWebKit/537.36 (KHTML, like Gecko) Chrome/85.0.4183.121 Safari/537.36	http://localhost:8080/	0:0:0:0:0:0:0:1	254812
2020-10-13 09:08:26	200	GET /js/chunk-vendors.039d618e.js HTTP/1.1	Mozilla/5.0 (Macintosh; Intel Mac OS X 10_15_6) AppleWebKit/537.36 (KHTML, like Gecko) Chrome/85.0.4183.121 Safari/537.36	http://localhost:8080/	0:0:0:0:0:0:0:1	763648
2020-10-13 09:08:26	200	GET /css/app.1c5bb2ec.css HTTP/1.1	Mozilla/5.0 (Macintosh; Intel Mac OS X 10_15_6) AppleWebKit/537.36 (KHTML, like Gecko) Chrome/85.0.4183.121 Safari/537.36	http://localhost:8080/	0:0:0:0:0:0:0:1	89921
2020-10-13 09:08:26	200	GET /js/chunk-2d219ff9.0aab29fd.js HTTP/1.1	Mozilla/5.0 (Macintosh; Intel Mac OS X 10_15_6) AppleWebKit/537.36 (KHTML, like Gecko) Chrome/85.0.4183.121 Safari/537.36	http://localhost:8080/	0:0:0:0:0:0:0:1	40112
2020-10-13 09:08:26	200	GET /js/app.4c45c88d.js.map HTTP/1.1	Mozilla/5.0 (Macintosh; Intel Mac OS X 10_15_6) AppleWebKit/537.36 (KHTML, like Gecko) Chrome/85.0.4183.121 Safari/537.36	-	0:0:0:0:0:0:0:1	326154
2020-10-13 09:08:26	200	GET /js/chunk-vendors.039d618e.js.map HTTP/1.1	Mozilla/5.0 (Macintosh; Intel Mac OS X 10_15_6) AppleWebKit/537.36 (KHTML, like Gecko) Chrome/85.0.4183.121 Safari/537.36	-	0:0:0:0:0:0:0:1	3906877
2020-10-13 09:08:26	200	GET /img/vue-logo.png HTTP/1.1	Mozilla/5.0 (Macintosh; Intel Mac OS X 10_15_6) AppleWebKit/537.36 (KHTML, like Gecko) Chrome/85.0.4183.121 Safari/537.36	http://localhost:8080/	0:0:0:0:0:0:0:1	4178
2020-10-13 09:08:26	200	GET /img/sidebar-5.jpg HTTP/1.1	Mozilla/5.0 (Macintosh; Intel Mac OS X 10_15_6) AppleWebKit/537.36 (KHTML, like Gecko) Chrome/85.0.4183.121 Safari/537.36	http://localhost:8080/	0:0:0:0:0:0:0:1	77287
2020-10-13 09:08:26	200	GET /fonts/nucleo-icons.ff208b8d.woff2 HTTP/1.1	Mozilla/5.0 (Macintosh; Intel Mac OS X 10_15_6) AppleWebKit/537.36 (KHTML, like Gecko) Chrome/85.0.4183.121 Safari/537.36	http://localhost:8080/css/app.1c5bb2ec.css	0:0:0:0:0:0:0:1	13344
2020-10-13 09:08:26	200	GET /service-worker.js HTTP/1.1	Mozilla/5.0 (Macintosh; Intel Mac OS X 10_15_6) AppleWebKit/537.36 (KHTML, like Gecko) Chrome/85.0.4183.121 Safari/537.36	http://localhost:8080/	0:0:0:0:0:0:0:1	986
2020-10-13 09:08:33	200	GET /admin/menu/gettest?test1=tt&test2=123 HTTP/1.1	Mozilla/5.0 (Macintosh; Intel Mac OS X 10_15_6) AppleWebKit/537.36 (KHTML, like Gecko) Chrome/85.0.4183.121 Safari/537.36	http://localhost:8080/	0:0:0:0:0:0:0:1	7
2020-10-13 09:08:35	200	POST /admin/menu/posttest HTTP/1.1	Mozilla/5.0 (Macintosh; Intel Mac OS X 10_15_6) AppleWebKit/537.36 (KHTML, like Gecko) Chrome/85.0.4183.121 Safari/537.36	http://localhost:8080/	0:0:0:0:0:0:0:1	11
2020-10-13 09:09:41	200	GET / HTTP/1.1	Mozilla/5.0 (Macintosh; Intel Mac OS X 10_15_6) AppleWebKit/537.36 (KHTML, like Gecko) Chrome/85.0.4183.121 Safari/537.36	-	0:0:0:0:0:0:0:1	1830
2020-10-13 09:09:41	200	GET /css/chunk-vendors.427d5374.css HTTP/1.1	Mozilla/5.0 (Macintosh; Intel Mac OS X 10_15_6) AppleWebKit/537.36 (KHTML, like Gecko) Chrome/85.0.4183.121 Safari/537.36	http://localhost:8080/	0:0:0:0:0:0:0:1	254812
2020-10-13 09:09:41	200	GET /js/chunk-vendors.039d618e.js HTTP/1.1	Mozilla/5.0 (Macintosh; Intel Mac OS X 10_15_6) AppleWebKit/537.36 (KHTML, like Gecko) Chrome/85.0.4183.121 Safari/537.36	http://localhost:8080/	0:0:0:0:0:0:0:1	763648
2020-10-13 09:09:41	200	GET /js/chunk-2d219ff9.0aab29fd.js HTTP/1.1	Mozilla/5.0 (Macintosh; Intel Mac OS X 10_15_6) AppleWebKit/537.36 (KHTML, like Gecko) Chrome/85.0.4183.121 Safari/537.36	http://localhost:8080/	0:0:0:0:0:0:0:1	40112
2020-10-13 09:09:41	200	GET /js/app.34a7cf33.js HTTP/1.1	Mozilla/5.0 (Macintosh; Intel Mac OS X 10_15_6) AppleWebKit/537.36 (KHTML, like Gecko) Chrome/85.0.4183.121 Safari/537.36	http://localhost:8080/	0:0:0:0:0:0:0:1	88936
2020-10-13 09:09:41	200	GET /css/app.1c5bb2ec.css HTTP/1.1	Mozilla/5.0 (Macintosh; Intel Mac OS X 10_15_6) AppleWebKit/537.36 (KHTML, like Gecko) Chrome/85.0.4183.121 Safari/537.36	http://localhost:8080/	0:0:0:0:0:0:0:1	89921
2020-10-13 09:09:42	200	GET /js/app.34a7cf33.js.map HTTP/1.1	Mozilla/5.0 (Macintosh; Intel Mac OS X 10_15_6) AppleWebKit/537.36 (KHTML, like Gecko) Chrome/85.0.4183.121 Safari/537.36	-	0:0:0:0:0:0:0:1	326160
2020-10-13 09:09:42	200	GET /js/chunk-vendors.039d618e.js.map HTTP/1.1	Mozilla/5.0 (Macintosh; Intel Mac OS X 10_15_6) AppleWebKit/537.36 (KHTML, like Gecko) Chrome/85.0.4183.121 Safari/537.36	-	0:0:0:0:0:0:0:1	3906877
2020-10-13 09:09:42	200	GET /img/vue-logo.png HTTP/1.1	Mozilla/5.0 (Macintosh; Intel Mac OS X 10_15_6) AppleWebKit/537.36 (KHTML, like Gecko) Chrome/85.0.4183.121 Safari/537.36	http://localhost:8080/	0:0:0:0:0:0:0:1	4178
2020-10-13 09:09:42	200	GET /img/sidebar-5.jpg HTTP/1.1	Mozilla/5.0 (Macintosh; Intel Mac OS X 10_15_6) AppleWebKit/537.36 (KHTML, like Gecko) Chrome/85.0.4183.121 Safari/537.36	http://localhost:8080/	0:0:0:0:0:0:0:1	77287
2020-10-13 09:09:42	200	GET /fonts/nucleo-icons.ff208b8d.woff2 HTTP/1.1	Mozilla/5.0 (Macintosh; Intel Mac OS X 10_15_6) AppleWebKit/537.36 (KHTML, like Gecko) Chrome/85.0.4183.121 Safari/537.36	http://localhost:8080/css/app.1c5bb2ec.css	0:0:0:0:0:0:0:1	13344
2020-10-13 09:09:42	200	GET /service-worker.js HTTP/1.1	Mozilla/5.0 (Macintosh; Intel Mac OS X 10_15_6) AppleWebKit/537.36 (KHTML, like Gecko) Chrome/85.0.4183.121 Safari/537.36	http://localhost:8080/	0:0:0:0:0:0:0:1	986
2020-10-13 09:09:47	200	GET /admin/menu/gettest?test1=te&test2=12 HTTP/1.1	Mozilla/5.0 (Macintosh; Intel Mac OS X 10_15_6) AppleWebKit/537.36 (KHTML, like Gecko) Chrome/85.0.4183.121 Safari/537.36	http://localhost:8080/	0:0:0:0:0:0:0:1	7
2020-10-13 09:09:48	200	POST /admin/menu/posttest HTTP/1.1	Mozilla/5.0 (Macintosh; Intel Mac OS X 10_15_6) AppleWebKit/537.36 (KHTML, like Gecko) Chrome/85.0.4183.121 Safari/537.36	http://localhost:8080/	0:0:0:0:0:0:0:1	11
2020-10-13 09:09:51	200	POST /admin/menu/posttest HTTP/1.1	Mozilla/5.0 (Macintosh; Intel Mac OS X 10_15_6) AppleWebKit/537.36 (KHTML, like Gecko) Chrome/85.0.4183.121 Safari/537.36	http://localhost:8080/	0:0:0:0:0:0:0:1	11
2020-10-13 09:09:54	200	POST /admin/menu/posttest HTTP/1.1	Mozilla/5.0 (Macintosh; Intel Mac OS X 10_15_6) AppleWebKit/537.36 (KHTML, like Gecko) Chrome/85.0.4183.121 Safari/537.36	http://localhost:8080/	0:0:0:0:0:0:0:1	11
2020-10-13 18:08:13	200	GET /service-worker.js HTTP/1.1	Mozilla/5.0 (Macintosh; Intel Mac OS X 10_15_6) AppleWebKit/537.36 (KHTML, like Gecko) Chrome/85.0.4183.121 Safari/537.36	http://localhost:8080/	0:0:0:0:0:0:0:1	986
2020-10-13 18:08:14	200	GET /service-worker.js HTTP/1.1	Mozilla/5.0 (Macintosh; Intel Mac OS X 10_15_6) AppleWebKit/537.36 (KHTML, like Gecko) Chrome/85.0.4183.121 Safari/537.36	http://localhost:8080/service-worker.js	0:0:0:0:0:0:0:1	986
2020-10-13 18:08:15	200	GET /precache-manifest.110863f2cb62f7960801ba3731a72731.js HTTP/1.1	Mozilla/5.0 (Macintosh; Intel Mac OS X 10_15_6) AppleWebKit/537.36 (KHTML, like Gecko) Chrome/85.0.4183.121 Safari/537.36	http://localhost:8080/service-worker.js	0:0:0:0:0:0:0:1	3320
2020-10-13 18:08:15	200	GET /service-worker.js HTTP/1.1	Mozilla/5.0 (Macintosh; Intel Mac OS X 10_15_6) AppleWebKit/537.36 (KHTML, like Gecko) Chrome/85.0.4183.121 Safari/537.36	http://localhost:8080/service-worker.js	0:0:0:0:0:0:0:1	986
2020-10-13 18:08:15	200	GET /js/app.34a7cf33.js HTTP/1.1	Mozilla/5.0 (Macintosh; Intel Mac OS X 10_15_6) AppleWebKit/537.36 (KHTML, like Gecko) Chrome/85.0.4183.121 Safari/537.36	http://localhost:8080/service-worker.js	0:0:0:0:0:0:0:1	88936
2020-10-13 18:08:15	200	GET /css/app.1c5bb2ec.css HTTP/1.1	Mozilla/5.0 (Macintosh; Intel Mac OS X 10_15_6) AppleWebKit/537.36 (KHTML, like Gecko) Chrome/85.0.4183.121 Safari/537.36	http://localhost:8080/service-worker.js	0:0:0:0:0:0:0:1	89921
2020-10-13 18:08:15	200	GET /index.html HTTP/1.1	Mozilla/5.0 (Macintosh; Intel Mac OS X 10_15_6) AppleWebKit/537.36 (KHTML, like Gecko) Chrome/85.0.4183.121 Safari/537.36	http://localhost:8080/service-worker.js	0:0:0:0:0:0:0:1	1830
2020-10-13 18:08:15	404	GET /.gitkeep HTTP/1.1	Mozilla/5.0 (Macintosh; Intel Mac OS X 10_15_6) AppleWebKit/537.36 (KHTML, like Gecko) Chrome/85.0.4183.121 Safari/537.36	http://localhost:8080/service-worker.js	0:0:0:0:0:0:0:1	141
2020-10-13 18:08:18	200	GET /service-worker.js HTTP/1.1	Mozilla/5.0 (Macintosh; Intel Mac OS X 10_15_6) AppleWebKit/537.36 (KHTML, like Gecko) Chrome/85.0.4183.121 Safari/537.36	http://localhost:8080/	0:0:0:0:0:0:0:1	986
2020-10-13 18:08:20	200	GET /service-worker.js HTTP/1.1	Mozilla/5.0 (Macintosh; Intel Mac OS X 10_15_6) AppleWebKit/537.36 (KHTML, like Gecko) Chrome/85.0.4183.121 Safari/537.36	http://localhost:8080/service-worker.js	0:0:0:0:0:0:0:1	986
2020-10-13 18:08:20	200	GET /precache-manifest.110863f2cb62f7960801ba3731a72731.js HTTP/1.1	Mozilla/5.0 (Macintosh; Intel Mac OS X 10_15_6) AppleWebKit/537.36 (KHTML, like Gecko) Chrome/85.0.4183.121 Safari/537.36	http://localhost:8080/service-worker.js	0:0:0:0:0:0:0:1	3320
2020-10-13 18:08:34	200	GET /service-worker.js HTTP/1.1	Mozilla/5.0 (Macintosh; Intel Mac OS X 10_15_6) AppleWebKit/537.36 (KHTML, like Gecko) Chrome/85.0.4183.121 Safari/537.36	http://localhost:8080/	0:0:0:0:0:0:0:1	986
2020-10-13 18:08:36	200	GET /service-worker.js HTTP/1.1	Mozilla/5.0 (Macintosh; Intel Mac OS X 10_15_6) AppleWebKit/537.36 (KHTML, like Gecko) Chrome/85.0.4183.121 Safari/537.36	http://localhost:8080/service-worker.js	0:0:0:0:0:0:0:1	986
2020-10-13 18:08:36	200	GET /precache-manifest.110863f2cb62f7960801ba3731a72731.js HTTP/1.1	Mozilla/5.0 (Macintosh; Intel Mac OS X 10_15_6) AppleWebKit/537.36 (KHTML, like Gecko) Chrome/85.0.4183.121 Safari/537.36	http://localhost:8080/service-worker.js	0:0:0:0:0:0:0:1	3320
2020-10-13 18:08:40	200	GET /manifest.json HTTP/1.1	Mozilla/5.0 (Macintosh; Intel Mac OS X 10_15_6) AppleWebKit/537.36 (KHTML, like Gecko) Chrome/85.0.4183.121 Safari/537.36	http://localhost:8080/	0:0:0:0:0:0:0:1	471
2020-10-13 18:08:41	200	GET /js/chunk-2d219ff9.0aab29fd.js.map HTTP/1.1	Mozilla/5.0 (Macintosh; Intel Mac OS X 10_15_6) AppleWebKit/537.36 (KHTML, like Gecko) Chrome/85.0.4183.121 Safari/537.36	-	0:0:0:0:0:0:0:1	242820
2020-10-13 18:08:41	200	GET /js/app.34a7cf33.js.map HTTP/1.1	Mozilla/5.0 (Macintosh; Intel Mac OS X 10_15_6) AppleWebKit/537.36 (KHTML, like Gecko) Chrome/85.0.4183.121 Safari/537.36	-	0:0:0:0:0:0:0:1	326160
2020-10-13 18:08:41	200	GET /js/chunk-vendors.039d618e.js.map HTTP/1.1	Mozilla/5.0 (Macintosh; Intel Mac OS X 10_15_6) AppleWebKit/537.36 (KHTML, like Gecko) Chrome/85.0.4183.121 Safari/537.36	-	0:0:0:0:0:0:0:1	3906877
2020-10-13 18:08:52	200	POST /admin/menu/posttest HTTP/1.1	Mozilla/5.0 (Macintosh; Intel Mac OS X 10_15_6) AppleWebKit/537.36 (KHTML, like Gecko) Chrome/85.0.4183.121 Safari/537.36	http://localhost:8080/	0:0:0:0:0:0:0:1	11
2020-10-13 18:09:41	200	POST /admin/menu/posttest HTTP/1.1	Mozilla/5.0 (Macintosh; Intel Mac OS X 10_15_6) AppleWebKit/537.36 (KHTML, like Gecko) Chrome/85.0.4183.121 Safari/537.36	http://localhost:8080/	0:0:0:0:0:0:0:1	11
2020-10-13 18:09:50	405	GET /admin/menu/posttest HTTP/1.1	Mozilla/5.0 (Macintosh; Intel Mac OS X 10_15_6) AppleWebKit/537.36 (KHTML, like Gecko) Chrome/85.0.4183.121 Safari/537.36	-	0:0:0:0:0:0:0:1	5056
2020-10-13 18:09:50	404	GET /favicon.ico HTTP/1.1	Mozilla/5.0 (Macintosh; Intel Mac OS X 10_15_6) AppleWebKit/537.36 (KHTML, like Gecko) Chrome/85.0.4183.121 Safari/537.36	http://localhost:8080/admin/menu/posttest	0:0:0:0:0:0:0:1	144
2020-10-13 18:09:52	200	GET /service-worker.js HTTP/1.1	Mozilla/5.0 (Macintosh; Intel Mac OS X 10_15_6) AppleWebKit/537.36 (KHTML, like Gecko) Chrome/85.0.4183.121 Safari/537.36	http://localhost:8080/service-worker.js	0:0:0:0:0:0:0:1	986
2020-10-13 18:09:52	200	GET /precache-manifest.110863f2cb62f7960801ba3731a72731.js HTTP/1.1	Mozilla/5.0 (Macintosh; Intel Mac OS X 10_15_6) AppleWebKit/537.36 (KHTML, like Gecko) Chrome/85.0.4183.121 Safari/537.36	http://localhost:8080/service-worker.js	0:0:0:0:0:0:0:1	3320
2020-10-13 18:09:53	405	GET /admin/menu/posttest HTTP/1.1	Mozilla/5.0 (Macintosh; Intel Mac OS X 10_15_6) AppleWebKit/537.36 (KHTML, like Gecko) Chrome/85.0.4183.121 Safari/537.36	-	0:0:0:0:0:0:0:1	5056
2020-10-13 18:09:55	200	GET /service-worker.js HTTP/1.1	Mozilla/5.0 (Macintosh; Intel Mac OS X 10_15_6) AppleWebKit/537.36 (KHTML, like Gecko) Chrome/85.0.4183.121 Safari/537.36	http://localhost:8080/service-worker.js	0:0:0:0:0:0:0:1	986
2020-10-13 18:09:55	200	GET /precache-manifest.110863f2cb62f7960801ba3731a72731.js HTTP/1.1	Mozilla/5.0 (Macintosh; Intel Mac OS X 10_15_6) AppleWebKit/537.36 (KHTML, like Gecko) Chrome/85.0.4183.121 Safari/537.36	http://localhost:8080/service-worker.js	0:0:0:0:0:0:0:1	3320
2020-10-13 18:10:00	200	POST /admin/menu/posttest HTTP/1.1	Mozilla/5.0 (Macintosh; Intel Mac OS X 10_15_6) AppleWebKit/537.36 (KHTML, like Gecko) Chrome/85.0.4183.121 Safari/537.36	http://localhost:8080/	0:0:0:0:0:0:0:1	11
2020-10-13 18:10:04	405	GET /admin/menu/posttest HTTP/1.1	Mozilla/5.0 (Macintosh; Intel Mac OS X 10_15_6) AppleWebKit/537.36 (KHTML, like Gecko) Chrome/85.0.4183.121 Safari/537.36	-	0:0:0:0:0:0:0:1	5056
2020-10-13 18:10:06	200	GET /service-worker.js HTTP/1.1	Mozilla/5.0 (Macintosh; Intel Mac OS X 10_15_6) AppleWebKit/537.36 (KHTML, like Gecko) Chrome/85.0.4183.121 Safari/537.36	http://localhost:8080/service-worker.js	0:0:0:0:0:0:0:1	986
2020-10-13 18:10:06	200	GET /precache-manifest.110863f2cb62f7960801ba3731a72731.js HTTP/1.1	Mozilla/5.0 (Macintosh; Intel Mac OS X 10_15_6) AppleWebKit/537.36 (KHTML, like Gecko) Chrome/85.0.4183.121 Safari/537.36	http://localhost:8080/service-worker.js	0:0:0:0:0:0:0:1	3320
2020-10-13 18:10:12	200	POST /admin/menu/posttest HTTP/1.1	Mozilla/5.0 (Macintosh; Intel Mac OS X 10_15_6) AppleWebKit/537.36 (KHTML, like Gecko) Chrome/85.0.4183.121 Safari/537.36	http://localhost:8080/	0:0:0:0:0:0:0:1	11
2020-10-13 18:10:15	200	GET /js/app.34a7cf33.js.map HTTP/1.1	Mozilla/5.0 (Macintosh; Intel Mac OS X 10_15_6) AppleWebKit/537.36 (KHTML, like Gecko) Chrome/85.0.4183.121 Safari/537.36	-	0:0:0:0:0:0:0:1	326160
2020-10-13 18:10:15	200	GET /js/chunk-vendors.039d618e.js.map HTTP/1.1	Mozilla/5.0 (Macintosh; Intel Mac OS X 10_15_6) AppleWebKit/537.36 (KHTML, like Gecko) Chrome/85.0.4183.121 Safari/537.36	-	0:0:0:0:0:0:0:1	3906877
2020-10-13 18:10:16	200	GET /service-worker.js HTTP/1.1	Mozilla/5.0 (Macintosh; Intel Mac OS X 10_15_6) AppleWebKit/537.36 (KHTML, like Gecko) Chrome/85.0.4183.121 Safari/537.36	http://localhost:8080/	0:0:0:0:0:0:0:1	986
2020-10-13 18:10:18	200	GET /service-worker.js HTTP/1.1	Mozilla/5.0 (Macintosh; Intel Mac OS X 10_15_6) AppleWebKit/537.36 (KHTML, like Gecko) Chrome/85.0.4183.121 Safari/537.36	http://localhost:8080/service-worker.js	0:0:0:0:0:0:0:1	986
2020-10-13 18:10:18	200	GET /precache-manifest.110863f2cb62f7960801ba3731a72731.js HTTP/1.1	Mozilla/5.0 (Macintosh; Intel Mac OS X 10_15_6) AppleWebKit/537.36 (KHTML, like Gecko) Chrome/85.0.4183.121 Safari/537.36	http://localhost:8080/service-worker.js	0:0:0:0:0:0:0:1	3320
2020-10-13 18:10:41	200	POST /admin/menu/posttest HTTP/1.1	Mozilla/5.0 (Macintosh; Intel Mac OS X 10_15_6) AppleWebKit/537.36 (KHTML, like Gecko) Chrome/85.0.4183.121 Safari/537.36	http://localhost:8080/	0:0:0:0:0:0:0:1	11
2020-10-13 18:10:46	200	POST /admin/menu/posttest HTTP/1.1	Mozilla/5.0 (Macintosh; Intel Mac OS X 10_15_6) AppleWebKit/537.36 (KHTML, like Gecko) Chrome/85.0.4183.121 Safari/537.36	http://localhost:8080/	0:0:0:0:0:0:0:1	11
2020-10-13 18:20:44	200	GET /css/chunk-vendors.427d5374.css HTTP/1.1	Mozilla/5.0 (Macintosh; Intel Mac OS X 10_15_6) AppleWebKit/537.36 (KHTML, like Gecko) Chrome/85.0.4183.121 Safari/537.36	http://localhost:8080/	0:0:0:0:0:0:0:1	254812
2020-10-13 18:20:44	200	GET /js/app.34a7cf33.js HTTP/1.1	Mozilla/5.0 (Macintosh; Intel Mac OS X 10_15_6) AppleWebKit/537.36 (KHTML, like Gecko) Chrome/85.0.4183.121 Safari/537.36	http://localhost:8080/	0:0:0:0:0:0:0:1	88936
2020-10-13 18:20:44	200	GET /js/chunk-2d219ff9.0aab29fd.js HTTP/1.1	Mozilla/5.0 (Macintosh; Intel Mac OS X 10_15_6) AppleWebKit/537.36 (KHTML, like Gecko) Chrome/85.0.4183.121 Safari/537.36	http://localhost:8080/	0:0:0:0:0:0:0:1	40112
2020-10-13 18:20:44	200	GET /js/chunk-vendors.039d618e.js HTTP/1.1	Mozilla/5.0 (Macintosh; Intel Mac OS X 10_15_6) AppleWebKit/537.36 (KHTML, like Gecko) Chrome/85.0.4183.121 Safari/537.36	http://localhost:8080/	0:0:0:0:0:0:0:1	763648
2020-10-13 18:20:44	200	GET / HTTP/1.1	Mozilla/5.0 (Macintosh; Intel Mac OS X 10_15_6) AppleWebKit/537.36 (KHTML, like Gecko) Chrome/85.0.4183.121 Safari/537.36	-	0:0:0:0:0:0:0:1	1830
2020-10-13 18:20:44	200	GET /css/app.1c5bb2ec.css HTTP/1.1	Mozilla/5.0 (Macintosh; Intel Mac OS X 10_15_6) AppleWebKit/537.36 (KHTML, like Gecko) Chrome/85.0.4183.121 Safari/537.36	http://localhost:8080/	0:0:0:0:0:0:0:1	89921
2020-10-13 18:20:45	200	GET /js/app.34a7cf33.js.map HTTP/1.1	Mozilla/5.0 (Macintosh; Intel Mac OS X 10_15_6) AppleWebKit/537.36 (KHTML, like Gecko) Chrome/85.0.4183.121 Safari/537.36	-	0:0:0:0:0:0:0:1	326160
2020-10-13 18:20:45	200	GET /img/vue-logo.png HTTP/1.1	Mozilla/5.0 (Macintosh; Intel Mac OS X 10_15_6) AppleWebKit/537.36 (KHTML, like Gecko) Chrome/85.0.4183.121 Safari/537.36	http://localhost:8080/	0:0:0:0:0:0:0:1	4178
2020-10-13 18:20:45	200	GET /img/sidebar-5.jpg HTTP/1.1	Mozilla/5.0 (Macintosh; Intel Mac OS X 10_15_6) AppleWebKit/537.36 (KHTML, like Gecko) Chrome/85.0.4183.121 Safari/537.36	http://localhost:8080/	0:0:0:0:0:0:0:1	77287
2020-10-13 18:20:45	200	GET /fonts/nucleo-icons.ff208b8d.woff2 HTTP/1.1	Mozilla/5.0 (Macintosh; Intel Mac OS X 10_15_6) AppleWebKit/537.36 (KHTML, like Gecko) Chrome/85.0.4183.121 Safari/537.36	http://localhost:8080/css/app.1c5bb2ec.css	0:0:0:0:0:0:0:1	13344
2020-10-13 18:20:45	200	GET /js/chunk-vendors.039d618e.js.map HTTP/1.1	Mozilla/5.0 (Macintosh; Intel Mac OS X 10_15_6) AppleWebKit/537.36 (KHTML, like Gecko) Chrome/85.0.4183.121 Safari/537.36	-	0:0:0:0:0:0:0:1	3906877
2020-10-13 18:20:45	200	GET /service-worker.js HTTP/1.1	Mozilla/5.0 (Macintosh; Intel Mac OS X 10_15_6) AppleWebKit/537.36 (KHTML, like Gecko) Chrome/85.0.4183.121 Safari/537.36	http://localhost:8080/	0:0:0:0:0:0:0:1	986
2020-10-13 18:20:55	200	POST /admin/menu/posttest HTTP/1.1	Mozilla/5.0 (Macintosh; Intel Mac OS X 10_15_6) AppleWebKit/537.36 (KHTML, like Gecko) Chrome/85.0.4183.121 Safari/537.36	http://localhost:8080/	0:0:0:0:0:0:0:1	11
2020-10-13 18:23:28	200	GET / HTTP/1.1	Mozilla/5.0 (Macintosh; Intel Mac OS X 10_15_6) AppleWebKit/537.36 (KHTML, like Gecko) Chrome/85.0.4183.121 Safari/537.36	-	0:0:0:0:0:0:0:1	1830
2020-10-13 18:23:28	200	GET /js/chunk-2d219ff9.0aab29fd.js HTTP/1.1	Mozilla/5.0 (Macintosh; Intel Mac OS X 10_15_6) AppleWebKit/537.36 (KHTML, like Gecko) Chrome/85.0.4183.121 Safari/537.36	http://localhost:8080/	0:0:0:0:0:0:0:1	40112
2020-10-13 18:23:28	200	GET /css/chunk-vendors.427d5374.css HTTP/1.1	Mozilla/5.0 (Macintosh; Intel Mac OS X 10_15_6) AppleWebKit/537.36 (KHTML, like Gecko) Chrome/85.0.4183.121 Safari/537.36	http://localhost:8080/	0:0:0:0:0:0:0:1	254812
2020-10-13 18:23:28	200	GET /css/app.1c5bb2ec.css HTTP/1.1	Mozilla/5.0 (Macintosh; Intel Mac OS X 10_15_6) AppleWebKit/537.36 (KHTML, like Gecko) Chrome/85.0.4183.121 Safari/537.36	http://localhost:8080/	0:0:0:0:0:0:0:1	89921
2020-10-13 18:23:28	200	GET /js/app.34a7cf33.js HTTP/1.1	Mozilla/5.0 (Macintosh; Intel Mac OS X 10_15_6) AppleWebKit/537.36 (KHTML, like Gecko) Chrome/85.0.4183.121 Safari/537.36	http://localhost:8080/	0:0:0:0:0:0:0:1	88936
2020-10-13 18:23:28	200	GET /js/chunk-vendors.039d618e.js HTTP/1.1	Mozilla/5.0 (Macintosh; Intel Mac OS X 10_15_6) AppleWebKit/537.36 (KHTML, like Gecko) Chrome/85.0.4183.121 Safari/537.36	http://localhost:8080/	0:0:0:0:0:0:0:1	763648
2020-10-13 18:23:28	200	GET /js/app.34a7cf33.js.map HTTP/1.1	Mozilla/5.0 (Macintosh; Intel Mac OS X 10_15_6) AppleWebKit/537.36 (KHTML, like Gecko) Chrome/85.0.4183.121 Safari/537.36	-	0:0:0:0:0:0:0:1	326160
2020-10-13 18:23:28	200	GET /img/vue-logo.png HTTP/1.1	Mozilla/5.0 (Macintosh; Intel Mac OS X 10_15_6) AppleWebKit/537.36 (KHTML, like Gecko) Chrome/85.0.4183.121 Safari/537.36	http://localhost:8080/	0:0:0:0:0:0:0:1	4178
2020-10-13 18:23:28	200	GET /js/chunk-vendors.039d618e.js.map HTTP/1.1	Mozilla/5.0 (Macintosh; Intel Mac OS X 10_15_6) AppleWebKit/537.36 (KHTML, like Gecko) Chrome/85.0.4183.121 Safari/537.36	-	0:0:0:0:0:0:0:1	3906877
2020-10-13 18:23:28	200	GET /img/sidebar-5.jpg HTTP/1.1	Mozilla/5.0 (Macintosh; Intel Mac OS X 10_15_6) AppleWebKit/537.36 (KHTML, like Gecko) Chrome/85.0.4183.121 Safari/537.36	http://localhost:8080/	0:0:0:0:0:0:0:1	77287
2020-10-13 18:23:28	200	GET /fonts/nucleo-icons.ff208b8d.woff2 HTTP/1.1	Mozilla/5.0 (Macintosh; Intel Mac OS X 10_15_6) AppleWebKit/537.36 (KHTML, like Gecko) Chrome/85.0.4183.121 Safari/537.36	http://localhost:8080/css/app.1c5bb2ec.css	0:0:0:0:0:0:0:1	13344
2020-10-13 18:23:28	200	GET /service-worker.js HTTP/1.1	Mozilla/5.0 (Macintosh; Intel Mac OS X 10_15_6) AppleWebKit/537.36 (KHTML, like Gecko) Chrome/85.0.4183.121 Safari/537.36	http://localhost:8080/	0:0:0:0:0:0:0:1	986
2020-10-13 18:23:39	200	POST /admin/menu/posttest HTTP/1.1	Mozilla/5.0 (Macintosh; Intel Mac OS X 10_15_6) AppleWebKit/537.36 (KHTML, like Gecko) Chrome/85.0.4183.121 Safari/537.36	http://localhost:8080/	0:0:0:0:0:0:0:1	11
