2020-10-12 15:43:57	200	GET /js/app.7e2f0893.js HTTP/1.1	Mozilla/5.0 (Macintosh; Intel Mac OS X 10_15_6) AppleWebKit/537.36 (KHTML, like Gecko) Chrome/85.0.4183.121 Safari/537.36	http://localhost:8080/	0:0:0:0:0:0:0:1	87368
2020-10-12 15:43:57	200	GET /js/chunk-2d219ff9.0aab29fd.js HTTP/1.1	Mozilla/5.0 (Macintosh; Intel Mac OS X 10_15_6) AppleWebKit/537.36 (KHTML, like Gecko) Chrome/85.0.4183.121 Safari/537.36	http://localhost:8080/	0:0:0:0:0:0:0:1	40112
2020-10-12 15:43:57	200	GET /js/chunk-vendors.4485e670.js HTTP/1.1	Mozilla/5.0 (Macintosh; Intel Mac OS X 10_15_6) AppleWebKit/537.36 (KHTML, like Gecko) Chrome/85.0.4183.121 Safari/537.36	http://localhost:8080/	0:0:0:0:0:0:0:1	763662
2020-10-12 15:43:57	200	GET /css/chunk-vendors.427d5374.css HTTP/1.1	Mozilla/5.0 (Macintosh; Intel Mac OS X 10_15_6) AppleWebKit/537.36 (KHTML, like Gecko) Chrome/85.0.4183.121 Safari/537.36	http://localhost:8080/	0:0:0:0:0:0:0:1	254812
2020-10-12 15:43:57	200	GET / HTTP/1.1	Mozilla/5.0 (Macintosh; Intel Mac OS X 10_15_6) AppleWebKit/537.36 (KHTML, like Gecko) Chrome/85.0.4183.121 Safari/537.36	-	0:0:0:0:0:0:0:1	1830
2020-10-12 15:43:57	200	GET /css/app.1c5bb2ec.css HTTP/1.1	Mozilla/5.0 (Macintosh; Intel Mac OS X 10_15_6) AppleWebKit/537.36 (KHTML, like Gecko) Chrome/85.0.4183.121 Safari/537.36	http://localhost:8080/	0:0:0:0:0:0:0:1	89921
2020-10-12 15:43:57	200	GET /js/chunk-2d219ff9.0aab29fd.js HTTP/1.1	Mozilla/5.0 (Macintosh; Intel Mac OS X 10_15_6) AppleWebKit/537.36 (KHTML, like Gecko) Chrome/85.0.4183.121 Safari/537.36	http://localhost:8080/	0:0:0:0:0:0:0:1	40112
2020-10-12 15:43:57	200	GET /img/sidebar-5.jpg HTTP/1.1	Mozilla/5.0 (Macintosh; Intel Mac OS X 10_15_6) AppleWebKit/537.36 (KHTML, like Gecko) Chrome/85.0.4183.121 Safari/537.36	http://localhost:8080/	0:0:0:0:0:0:0:1	77287
2020-10-12 15:43:57	200	GET /img/vue-logo.png HTTP/1.1	Mozilla/5.0 (Macintosh; Intel Mac OS X 10_15_6) AppleWebKit/537.36 (KHTML, like Gecko) Chrome/85.0.4183.121 Safari/537.36	http://localhost:8080/	0:0:0:0:0:0:0:1	4178
2020-10-12 15:43:58	200	GET /fonts/nucleo-icons.ff208b8d.woff2 HTTP/1.1	Mozilla/5.0 (Macintosh; Intel Mac OS X 10_15_6) AppleWebKit/537.36 (KHTML, like Gecko) Chrome/85.0.4183.121 Safari/537.36	http://localhost:8080/css/app.1c5bb2ec.css	0:0:0:0:0:0:0:1	13344
2020-10-12 15:43:58	200	GET /service-worker.js HTTP/1.1	Mozilla/5.0 (Macintosh; Intel Mac OS X 10_15_6) AppleWebKit/537.36 (KHTML, like Gecko) Chrome/85.0.4183.121 Safari/537.36	http://localhost:8080/	0:0:0:0:0:0:0:1	986
2020-10-12 15:43:58	200	GET /service-worker.js HTTP/1.1	Mozilla/5.0 (Macintosh; Intel Mac OS X 10_15_6) AppleWebKit/537.36 (KHTML, like Gecko) Chrome/85.0.4183.121 Safari/537.36	http://localhost:8080/	0:0:0:0:0:0:0:1	986
2020-10-12 15:43:58	200	GET /manifest.json HTTP/1.1	Mozilla/5.0 (Macintosh; Intel Mac OS X 10_15_6) AppleWebKit/537.36 (KHTML, like Gecko) Chrome/85.0.4183.121 Safari/537.36	http://localhost:8080/	0:0:0:0:0:0:0:1	471
2020-10-12 15:43:58	200	GET /img/icons/android-chrome-192x192.png HTTP/1.1	Mozilla/5.0 (Macintosh; Intel Mac OS X 10_15_6) AppleWebKit/537.36 (KHTML, like Gecko) Chrome/85.0.4183.121 Safari/537.36	http://localhost:8080/	0:0:0:0:0:0:0:1	9416
2020-10-12 15:43:58	200	GET /precache-manifest.bb3bd9aee22beb9601c2ec4f90117157.js HTTP/1.1	Mozilla/5.0 (Macintosh; Intel Mac OS X 10_15_6) AppleWebKit/537.36 (KHTML, like Gecko) Chrome/85.0.4183.121 Safari/537.36	http://localhost:8080/service-worker.js	0:0:0:0:0:0:0:1	3320
2020-10-12 15:43:58	200	GET /service-worker.js HTTP/1.1	Mozilla/5.0 (Macintosh; Intel Mac OS X 10_15_6) AppleWebKit/537.36 (KHTML, like Gecko) Chrome/85.0.4183.121 Safari/537.36	http://localhost:8080/service-worker.js	0:0:0:0:0:0:0:1	986
2020-10-12 15:43:58	200	GET /css/app.1c5bb2ec.css HTTP/1.1	Mozilla/5.0 (Macintosh; Intel Mac OS X 10_15_6) AppleWebKit/537.36 (KHTML, like Gecko) Chrome/85.0.4183.121 Safari/537.36	http://localhost:8080/service-worker.js	0:0:0:0:0:0:0:1	89921
2020-10-12 15:43:58	200	GET /js/app.7e2f0893.js HTTP/1.1	Mozilla/5.0 (Macintosh; Intel Mac OS X 10_15_6) AppleWebKit/537.36 (KHTML, like Gecko) Chrome/85.0.4183.121 Safari/537.36	http://localhost:8080/service-worker.js	0:0:0:0:0:0:0:1	87368
2020-10-12 15:43:58	200	GET /js/chunk-2d219ff9.0aab29fd.js HTTP/1.1	Mozilla/5.0 (Macintosh; Intel Mac OS X 10_15_6) AppleWebKit/537.36 (KHTML, like Gecko) Chrome/85.0.4183.121 Safari/537.36	http://localhost:8080/service-worker.js	0:0:0:0:0:0:0:1	40112
2020-10-12 15:43:58	200	GET /css/chunk-vendors.427d5374.css HTTP/1.1	Mozilla/5.0 (Macintosh; Intel Mac OS X 10_15_6) AppleWebKit/537.36 (KHTML, like Gecko) Chrome/85.0.4183.121 Safari/537.36	http://localhost:8080/service-worker.js	0:0:0:0:0:0:0:1	254812
2020-10-12 15:43:58	200	GET /js/chunk-vendors.4485e670.js HTTP/1.1	Mozilla/5.0 (Macintosh; Intel Mac OS X 10_15_6) AppleWebKit/537.36 (KHTML, like Gecko) Chrome/85.0.4183.121 Safari/537.36	http://localhost:8080/service-worker.js	0:0:0:0:0:0:0:1	763662
2020-10-12 15:43:58	200	GET /fonts/nucleo-icons.8224e016.eot HTTP/1.1	Mozilla/5.0 (Macintosh; Intel Mac OS X 10_15_6) AppleWebKit/537.36 (KHTML, like Gecko) Chrome/85.0.4183.121 Safari/537.36	http://localhost:8080/service-worker.js	0:0:0:0:0:0:0:1	27560
2020-10-12 15:43:58	200	GET /fonts/nucleo-icons.b0dc05d0.ttf HTTP/1.1	Mozilla/5.0 (Macintosh; Intel Mac OS X 10_15_6) AppleWebKit/537.36 (KHTML, like Gecko) Chrome/85.0.4183.121 Safari/537.36	http://localhost:8080/service-worker.js	0:0:0:0:0:0:0:1	27376
2020-10-12 15:43:58	200	GET /fonts/nucleo-icons.ff208b8d.woff2 HTTP/1.1	Mozilla/5.0 (Macintosh; Intel Mac OS X 10_15_6) AppleWebKit/537.36 (KHTML, like Gecko) Chrome/85.0.4183.121 Safari/537.36	http://localhost:8080/service-worker.js	0:0:0:0:0:0:0:1	13344
2020-10-12 15:43:58	200	GET /index.html HTTP/1.1	Mozilla/5.0 (Macintosh; Intel Mac OS X 10_15_6) AppleWebKit/537.36 (KHTML, like Gecko) Chrome/85.0.4183.121 Safari/537.36	http://localhost:8080/service-worker.js	0:0:0:0:0:0:0:1	1830
2020-10-12 15:43:58	200	GET /img/nucleo-icons.ae42fa52.svg HTTP/1.1	Mozilla/5.0 (Macintosh; Intel Mac OS X 10_15_6) AppleWebKit/537.36 (KHTML, like Gecko) Chrome/85.0.4183.121 Safari/537.36	http://localhost:8080/service-worker.js	0:0:0:0:0:0:0:1	149268
2020-10-12 15:43:58	200	GET /img/default-avatar.png HTTP/1.1	Mozilla/5.0 (Macintosh; Intel Mac OS X 10_15_6) AppleWebKit/537.36 (KHTML, like Gecko) Chrome/85.0.4183.121 Safari/537.36	http://localhost:8080/service-worker.js	0:0:0:0:0:0:0:1	2864
2020-10-12 15:43:58	200	GET /img/faces/face-0.jpg HTTP/1.1	Mozilla/5.0 (Macintosh; Intel Mac OS X 10_15_6) AppleWebKit/537.36 (KHTML, like Gecko) Chrome/85.0.4183.121 Safari/537.36	http://localhost:8080/service-worker.js	0:0:0:0:0:0:0:1	2864
2020-10-12 15:43:58	200	GET /favicon.png HTTP/1.1	Mozilla/5.0 (Macintosh; Intel Mac OS X 10_15_6) AppleWebKit/537.36 (KHTML, like Gecko) Chrome/85.0.4183.121 Safari/537.36	http://localhost:8080/service-worker.js	0:0:0:0:0:0:0:1	2761
2020-10-12 15:43:58	200	GET /img/faces/face-2.jpg HTTP/1.1	Mozilla/5.0 (Macintosh; Intel Mac OS X 10_15_6) AppleWebKit/537.36 (KHTML, like Gecko) Chrome/85.0.4183.121 Safari/537.36	http://localhost:8080/service-worker.js	0:0:0:0:0:0:0:1	20663
2020-10-12 15:43:58	200	GET /Dashboard.PNG HTTP/1.1	Mozilla/5.0 (Macintosh; Intel Mac OS X 10_15_6) AppleWebKit/537.36 (KHTML, like Gecko) Chrome/85.0.4183.121 Safari/537.36	http://localhost:8080/service-worker.js	0:0:0:0:0:0:0:1	224552
2020-10-12 15:43:58	200	GET /img/faces/face-5.jpg HTTP/1.1	Mozilla/5.0 (Macintosh; Intel Mac OS X 10_15_6) AppleWebKit/537.36 (KHTML, like Gecko) Chrome/85.0.4183.121 Safari/537.36	http://localhost:8080/service-worker.js	0:0:0:0:0:0:0:1	4716
2020-10-12 15:43:58	200	GET /img/faces/face-1.jpg HTTP/1.1	Mozilla/5.0 (Macintosh; Intel Mac OS X 10_15_6) AppleWebKit/537.36 (KHTML, like Gecko) Chrome/85.0.4183.121 Safari/537.36	http://localhost:8080/service-worker.js	0:0:0:0:0:0:0:1	20568
2020-10-12 15:43:58	200	GET /img/faces/face-6.jpg HTTP/1.1	Mozilla/5.0 (Macintosh; Intel Mac OS X 10_15_6) AppleWebKit/537.36 (KHTML, like Gecko) Chrome/85.0.4183.121 Safari/537.36	http://localhost:8080/service-worker.js	0:0:0:0:0:0:0:1	4581
2020-10-12 15:43:58	200	GET /img/faces/face-4.jpg HTTP/1.1	Mozilla/5.0 (Macintosh; Intel Mac OS X 10_15_6) AppleWebKit/537.36 (KHTML, like Gecko) Chrome/85.0.4183.121 Safari/537.36	http://localhost:8080/service-worker.js	0:0:0:0:0:0:0:1	19868
2020-10-12 15:43:58	200	GET /img/faces/face-7.jpg HTTP/1.1	Mozilla/5.0 (Macintosh; Intel Mac OS X 10_15_6) AppleWebKit/537.36 (KHTML, like Gecko) Chrome/85.0.4183.121 Safari/537.36	http://localhost:8080/service-worker.js	0:0:0:0:0:0:0:1	21603
2020-10-12 15:43:58	200	GET /img/faces/tim_vector.jpe HTTP/1.1	Mozilla/5.0 (Macintosh; Intel Mac OS X 10_15_6) AppleWebKit/537.36 (KHTML, like Gecko) Chrome/85.0.4183.121 Safari/537.36	http://localhost:8080/service-worker.js	0:0:0:0:0:0:0:1	29406
2020-10-12 15:43:58	200	GET /img/favicon.png HTTP/1.1	Mozilla/5.0 (Macintosh; Intel Mac OS X 10_15_6) AppleWebKit/537.36 (KHTML, like Gecko) Chrome/85.0.4183.121 Safari/537.36	http://localhost:8080/service-worker.js	0:0:0:0:0:0:0:1	2761
2020-10-12 15:43:58	200	GET /img/faces/face-3.jpg HTTP/1.1	Mozilla/5.0 (Macintosh; Intel Mac OS X 10_15_6) AppleWebKit/537.36 (KHTML, like Gecko) Chrome/85.0.4183.121 Safari/537.36	http://localhost:8080/service-worker.js	0:0:0:0:0:0:0:1	20603
2020-10-12 15:43:58	200	GET /img/loading-bubbles.svg HTTP/1.1	Mozilla/5.0 (Macintosh; Intel Mac OS X 10_15_6) AppleWebKit/537.36 (KHTML, like Gecko) Chrome/85.0.4183.121 Safari/537.36	http://localhost:8080/service-worker.js	0:0:0:0:0:0:0:1	950
2020-10-12 15:43:58	200	GET /img/new_logo.png HTTP/1.1	Mozilla/5.0 (Macintosh; Intel Mac OS X 10_15_6) AppleWebKit/537.36 (KHTML, like Gecko) Chrome/85.0.4183.121 Safari/537.36	http://localhost:8080/service-worker.js	0:0:0:0:0:0:0:1	3557
2020-10-12 15:43:58	200	GET /img/mask.png HTTP/1.1	Mozilla/5.0 (Macintosh; Intel Mac OS X 10_15_6) AppleWebKit/537.36 (KHTML, like Gecko) Chrome/85.0.4183.121 Safari/537.36	http://localhost:8080/service-worker.js	0:0:0:0:0:0:0:1	756
2020-10-12 15:43:58	200	GET /img/sidebar-2.jpg HTTP/1.1	Mozilla/5.0 (Macintosh; Intel Mac OS X 10_15_6) AppleWebKit/537.36 (KHTML, like Gecko) Chrome/85.0.4183.121 Safari/537.36	http://localhost:8080/service-worker.js	0:0:0:0:0:0:0:1	129997
2020-10-12 15:43:58	200	GET /img/vue-logo.png HTTP/1.1	Mozilla/5.0 (Macintosh; Intel Mac OS X 10_15_6) AppleWebKit/537.36 (KHTML, like Gecko) Chrome/85.0.4183.121 Safari/537.36	http://localhost:8080/service-worker.js	0:0:0:0:0:0:0:1	4178
2020-10-12 15:43:58	200	GET /img/sidebar-5.jpg HTTP/1.1	Mozilla/5.0 (Macintosh; Intel Mac OS X 10_15_6) AppleWebKit/537.36 (KHTML, like Gecko) Chrome/85.0.4183.121 Safari/537.36	http://localhost:8080/service-worker.js	0:0:0:0:0:0:0:1	77287
2020-10-12 15:43:58	200	GET /robots.txt HTTP/1.1	Mozilla/5.0 (Macintosh; Intel Mac OS X 10_15_6) AppleWebKit/537.36 (KHTML, like Gecko) Chrome/85.0.4183.121 Safari/537.36	http://localhost:8080/service-worker.js	0:0:0:0:0:0:0:1	24
2020-10-12 15:43:58	200	GET /img/tim_80x80.png HTTP/1.1	Mozilla/5.0 (Macintosh; Intel Mac OS X 10_15_6) AppleWebKit/537.36 (KHTML, like Gecko) Chrome/85.0.4183.121 Safari/537.36	http://localhost:8080/service-worker.js	0:0:0:0:0:0:0:1	4821
2020-10-12 15:43:58	200	GET /img/sidebar-1.jpg HTTP/1.1	Mozilla/5.0 (Macintosh; Intel Mac OS X 10_15_6) AppleWebKit/537.36 (KHTML, like Gecko) Chrome/85.0.4183.121 Safari/537.36	http://localhost:8080/service-worker.js	0:0:0:0:0:0:0:1	225399
2020-10-12 15:43:58	200	GET /img/sidebar-3.jpg HTTP/1.1	Mozilla/5.0 (Macintosh; Intel Mac OS X 10_15_6) AppleWebKit/537.36 (KHTML, like Gecko) Chrome/85.0.4183.121 Safari/537.36	http://localhost:8080/service-worker.js	0:0:0:0:0:0:0:1	119572
2020-10-12 15:43:58	200	GET /img/sidebar-4.jpg HTTP/1.1	Mozilla/5.0 (Macintosh; Intel Mac OS X 10_15_6) AppleWebKit/537.36 (KHTML, like Gecko) Chrome/85.0.4183.121 Safari/537.36	http://localhost:8080/service-worker.js	0:0:0:0:0:0:0:1	143224
2020-10-12 15:43:58	404	GET /.gitkeep HTTP/1.1	Mozilla/5.0 (Macintosh; Intel Mac OS X 10_15_6) AppleWebKit/537.36 (KHTML, like Gecko) Chrome/85.0.4183.121 Safari/537.36	http://localhost:8080/service-worker.js	0:0:0:0:0:0:0:1	141
2020-10-12 15:44:18	404	GET /sockjs-node/info?t=1602485058986 HTTP/1.1	Mozilla/5.0 (Macintosh; Intel Mac OS X 10_15_6) AppleWebKit/537.36 (KHTML, like Gecko) Chrome/85.0.4183.121 Safari/537.36	http://localhost:8080/	0:0:0:0:0:0:0:1	149
2020-10-12 15:44:19	404	GET /sockjs-node/info?t=1602485059992 HTTP/1.1	Mozilla/5.0 (Macintosh; Intel Mac OS X 10_15_6) AppleWebKit/537.36 (KHTML, like Gecko) Chrome/85.0.4183.121 Safari/537.36	http://localhost:8080/	172.23.1.166	149
2020-10-12 15:44:23	404	GET /sockjs-node/info?t=1602485063008 HTTP/1.1	Mozilla/5.0 (Macintosh; Intel Mac OS X 10_15_6) AppleWebKit/537.36 (KHTML, like Gecko) Chrome/85.0.4183.121 Safari/537.36	http://localhost:8080/	0:0:0:0:0:0:0:1	149
2020-10-12 15:46:10	404	GET /sockjs-node/info?t=1602485169958 HTTP/1.1	Mozilla/5.0 (Macintosh; Intel Mac OS X 10_15_6) AppleWebKit/537.36 (KHTML, like Gecko) Chrome/85.0.4183.121 Safari/537.36	http://localhost:8080/	172.23.1.166	149
2020-10-12 15:46:14	404	GET /sockjs-node/info?t=1602485174478 HTTP/1.1	Mozilla/5.0 (Macintosh; Intel Mac OS X 10_15_6) AppleWebKit/537.36 (KHTML, like Gecko) Chrome/85.0.4183.121 Safari/537.36	http://localhost:8080/	0:0:0:0:0:0:0:1	149
2020-10-12 15:46:16	200	GET / HTTP/1.1	Mozilla/5.0 (Macintosh; Intel Mac OS X 10_15_6) AppleWebKit/537.36 (KHTML, like Gecko) Chrome/85.0.4183.121 Safari/537.36	-	0:0:0:0:0:0:0:1	1830
2020-10-12 15:46:16	200	GET /css/app.1c5bb2ec.css HTTP/1.1	Mozilla/5.0 (Macintosh; Intel Mac OS X 10_15_6) AppleWebKit/537.36 (KHTML, like Gecko) Chrome/85.0.4183.121 Safari/537.36	http://localhost:8080/	0:0:0:0:0:0:0:1	89921
2020-10-12 15:46:16	200	GET /css/chunk-vendors.427d5374.css HTTP/1.1	Mozilla/5.0 (Macintosh; Intel Mac OS X 10_15_6) AppleWebKit/537.36 (KHTML, like Gecko) Chrome/85.0.4183.121 Safari/537.36	http://localhost:8080/	0:0:0:0:0:0:0:1	254812
2020-10-12 15:46:16	200	GET /js/app.7e2f0893.js HTTP/1.1	Mozilla/5.0 (Macintosh; Intel Mac OS X 10_15_6) AppleWebKit/537.36 (KHTML, like Gecko) Chrome/85.0.4183.121 Safari/537.36	http://localhost:8080/	0:0:0:0:0:0:0:1	87368
2020-10-12 15:46:16	200	GET /js/chunk-2d219ff9.0aab29fd.js HTTP/1.1	Mozilla/5.0 (Macintosh; Intel Mac OS X 10_15_6) AppleWebKit/537.36 (KHTML, like Gecko) Chrome/85.0.4183.121 Safari/537.36	http://localhost:8080/	0:0:0:0:0:0:0:1	40112
2020-10-12 15:46:16	200	GET /js/chunk-vendors.4485e670.js HTTP/1.1	Mozilla/5.0 (Macintosh; Intel Mac OS X 10_15_6) AppleWebKit/537.36 (KHTML, like Gecko) Chrome/85.0.4183.121 Safari/537.36	http://localhost:8080/	0:0:0:0:0:0:0:1	763662
2020-10-12 15:46:17	200	GET /img/vue-logo.png HTTP/1.1	Mozilla/5.0 (Macintosh; Intel Mac OS X 10_15_6) AppleWebKit/537.36 (KHTML, like Gecko) Chrome/85.0.4183.121 Safari/537.36	http://localhost:8080/	0:0:0:0:0:0:0:1	4178
2020-10-12 15:46:17	200	GET /js/chunk-2d219ff9.0aab29fd.js HTTP/1.1	Mozilla/5.0 (Macintosh; Intel Mac OS X 10_15_6) AppleWebKit/537.36 (KHTML, like Gecko) Chrome/85.0.4183.121 Safari/537.36	http://localhost:8080/	0:0:0:0:0:0:0:1	40112
2020-10-12 15:46:17	200	GET /img/sidebar-5.jpg HTTP/1.1	Mozilla/5.0 (Macintosh; Intel Mac OS X 10_15_6) AppleWebKit/537.36 (KHTML, like Gecko) Chrome/85.0.4183.121 Safari/537.36	http://localhost:8080/	0:0:0:0:0:0:0:1	77287
2020-10-12 15:46:17	200	GET /fonts/nucleo-icons.ff208b8d.woff2 HTTP/1.1	Mozilla/5.0 (Macintosh; Intel Mac OS X 10_15_6) AppleWebKit/537.36 (KHTML, like Gecko) Chrome/85.0.4183.121 Safari/537.36	http://localhost:8080/css/app.1c5bb2ec.css	0:0:0:0:0:0:0:1	13344
2020-10-12 15:46:17	200	GET /service-worker.js HTTP/1.1	Mozilla/5.0 (Macintosh; Intel Mac OS X 10_15_6) AppleWebKit/537.36 (KHTML, like Gecko) Chrome/85.0.4183.121 Safari/537.36	http://localhost:8080/	0:0:0:0:0:0:0:1	986
2020-10-12 15:46:17	200	GET /service-worker.js HTTP/1.1	Mozilla/5.0 (Macintosh; Intel Mac OS X 10_15_6) AppleWebKit/537.36 (KHTML, like Gecko) Chrome/85.0.4183.121 Safari/537.36	http://localhost:8080/	0:0:0:0:0:0:0:1	986
2020-10-12 15:46:17	200	GET /precache-manifest.bb3bd9aee22beb9601c2ec4f90117157.js HTTP/1.1	Mozilla/5.0 (Macintosh; Intel Mac OS X 10_15_6) AppleWebKit/537.36 (KHTML, like Gecko) Chrome/85.0.4183.121 Safari/537.36	http://localhost:8080/service-worker.js	0:0:0:0:0:0:0:1	3320
2020-10-12 15:46:17	200	GET /service-worker.js HTTP/1.1	Mozilla/5.0 (Macintosh; Intel Mac OS X 10_15_6) AppleWebKit/537.36 (KHTML, like Gecko) Chrome/85.0.4183.121 Safari/537.36	http://localhost:8080/service-worker.js	0:0:0:0:0:0:0:1	986
2020-10-12 15:46:17	200	GET /css/app.1c5bb2ec.css HTTP/1.1	Mozilla/5.0 (Macintosh; Intel Mac OS X 10_15_6) AppleWebKit/537.36 (KHTML, like Gecko) Chrome/85.0.4183.121 Safari/537.36	http://localhost:8080/service-worker.js	0:0:0:0:0:0:0:1	89921
2020-10-12 15:46:17	200	GET /js/app.7e2f0893.js HTTP/1.1	Mozilla/5.0 (Macintosh; Intel Mac OS X 10_15_6) AppleWebKit/537.36 (KHTML, like Gecko) Chrome/85.0.4183.121 Safari/537.36	http://localhost:8080/service-worker.js	0:0:0:0:0:0:0:1	87368
2020-10-12 15:46:17	200	GET /fonts/nucleo-icons.b0dc05d0.ttf HTTP/1.1	Mozilla/5.0 (Macintosh; Intel Mac OS X 10_15_6) AppleWebKit/537.36 (KHTML, like Gecko) Chrome/85.0.4183.121 Safari/537.36	http://localhost:8080/service-worker.js	0:0:0:0:0:0:0:1	27376
2020-10-12 15:46:17	200	GET /js/chunk-2d219ff9.0aab29fd.js HTTP/1.1	Mozilla/5.0 (Macintosh; Intel Mac OS X 10_15_6) AppleWebKit/537.36 (KHTML, like Gecko) Chrome/85.0.4183.121 Safari/537.36	http://localhost:8080/service-worker.js	0:0:0:0:0:0:0:1	40112
2020-10-12 15:46:17	200	GET /fonts/nucleo-icons.ff208b8d.woff2 HTTP/1.1	Mozilla/5.0 (Macintosh; Intel Mac OS X 10_15_6) AppleWebKit/537.36 (KHTML, like Gecko) Chrome/85.0.4183.121 Safari/537.36	http://localhost:8080/service-worker.js	0:0:0:0:0:0:0:1	13344
2020-10-12 15:46:17	200	GET /js/chunk-vendors.4485e670.js HTTP/1.1	Mozilla/5.0 (Macintosh; Intel Mac OS X 10_15_6) AppleWebKit/537.36 (KHTML, like Gecko) Chrome/85.0.4183.121 Safari/537.36	http://localhost:8080/service-worker.js	0:0:0:0:0:0:0:1	763662
2020-10-12 15:46:17	200	GET /css/chunk-vendors.427d5374.css HTTP/1.1	Mozilla/5.0 (Macintosh; Intel Mac OS X 10_15_6) AppleWebKit/537.36 (KHTML, like Gecko) Chrome/85.0.4183.121 Safari/537.36	http://localhost:8080/service-worker.js	0:0:0:0:0:0:0:1	254812
2020-10-12 15:46:17	200	GET /fonts/nucleo-icons.8224e016.eot HTTP/1.1	Mozilla/5.0 (Macintosh; Intel Mac OS X 10_15_6) AppleWebKit/537.36 (KHTML, like Gecko) Chrome/85.0.4183.121 Safari/537.36	http://localhost:8080/service-worker.js	0:0:0:0:0:0:0:1	27560
2020-10-12 15:46:17	200	GET /img/nucleo-icons.ae42fa52.svg HTTP/1.1	Mozilla/5.0 (Macintosh; Intel Mac OS X 10_15_6) AppleWebKit/537.36 (KHTML, like Gecko) Chrome/85.0.4183.121 Safari/537.36	http://localhost:8080/service-worker.js	0:0:0:0:0:0:0:1	149268
2020-10-12 15:46:17	200	GET /index.html HTTP/1.1	Mozilla/5.0 (Macintosh; Intel Mac OS X 10_15_6) AppleWebKit/537.36 (KHTML, like Gecko) Chrome/85.0.4183.121 Safari/537.36	http://localhost:8080/service-worker.js	0:0:0:0:0:0:0:1	1830
2020-10-12 15:46:17	200	GET /img/faces/face-2.jpg HTTP/1.1	Mozilla/5.0 (Macintosh; Intel Mac OS X 10_15_6) AppleWebKit/537.36 (KHTML, like Gecko) Chrome/85.0.4183.121 Safari/537.36	http://localhost:8080/service-worker.js	0:0:0:0:0:0:0:1	20663
2020-10-12 15:46:17	404	GET /.gitkeep HTTP/1.1	Mozilla/5.0 (Macintosh; Intel Mac OS X 10_15_6) AppleWebKit/537.36 (KHTML, like Gecko) Chrome/85.0.4183.121 Safari/537.36	http://localhost:8080/service-worker.js	0:0:0:0:0:0:0:1	141
2020-10-12 15:46:17	200	GET /img/faces/face-0.jpg HTTP/1.1	Mozilla/5.0 (Macintosh; Intel Mac OS X 10_15_6) AppleWebKit/537.36 (KHTML, like Gecko) Chrome/85.0.4183.121 Safari/537.36	http://localhost:8080/service-worker.js	0:0:0:0:0:0:0:1	2864
2020-10-12 15:46:17	200	GET /img/default-avatar.png HTTP/1.1	Mozilla/5.0 (Macintosh; Intel Mac OS X 10_15_6) AppleWebKit/537.36 (KHTML, like Gecko) Chrome/85.0.4183.121 Safari/537.36	http://localhost:8080/service-worker.js	0:0:0:0:0:0:0:1	2864
2020-10-12 15:46:17	200	GET /favicon.png HTTP/1.1	Mozilla/5.0 (Macintosh; Intel Mac OS X 10_15_6) AppleWebKit/537.36 (KHTML, like Gecko) Chrome/85.0.4183.121 Safari/537.36	http://localhost:8080/service-worker.js	0:0:0:0:0:0:0:1	2761
2020-10-12 15:46:17	200	GET /img/faces/face-5.jpg HTTP/1.1	Mozilla/5.0 (Macintosh; Intel Mac OS X 10_15_6) AppleWebKit/537.36 (KHTML, like Gecko) Chrome/85.0.4183.121 Safari/537.36	http://localhost:8080/service-worker.js	0:0:0:0:0:0:0:1	4716
2020-10-12 15:46:17	200	GET /Dashboard.PNG HTTP/1.1	Mozilla/5.0 (Macintosh; Intel Mac OS X 10_15_6) AppleWebKit/537.36 (KHTML, like Gecko) Chrome/85.0.4183.121 Safari/537.36	http://localhost:8080/service-worker.js	0:0:0:0:0:0:0:1	224552
2020-10-12 15:46:17	200	GET /img/faces/face-3.jpg HTTP/1.1	Mozilla/5.0 (Macintosh; Intel Mac OS X 10_15_6) AppleWebKit/537.36 (KHTML, like Gecko) Chrome/85.0.4183.121 Safari/537.36	http://localhost:8080/service-worker.js	0:0:0:0:0:0:0:1	20603
2020-10-12 15:46:17	200	GET /img/faces/face-1.jpg HTTP/1.1	Mozilla/5.0 (Macintosh; Intel Mac OS X 10_15_6) AppleWebKit/537.36 (KHTML, like Gecko) Chrome/85.0.4183.121 Safari/537.36	http://localhost:8080/service-worker.js	0:0:0:0:0:0:0:1	20568
2020-10-12 15:46:17	200	GET /img/faces/face-4.jpg HTTP/1.1	Mozilla/5.0 (Macintosh; Intel Mac OS X 10_15_6) AppleWebKit/537.36 (KHTML, like Gecko) Chrome/85.0.4183.121 Safari/537.36	http://localhost:8080/service-worker.js	0:0:0:0:0:0:0:1	19868
2020-10-12 15:46:17	200	GET /img/faces/tim_vector.jpe HTTP/1.1	Mozilla/5.0 (Macintosh; Intel Mac OS X 10_15_6) AppleWebKit/537.36 (KHTML, like Gecko) Chrome/85.0.4183.121 Safari/537.36	http://localhost:8080/service-worker.js	0:0:0:0:0:0:0:1	29406
2020-10-12 15:46:17	200	GET /img/loading-bubbles.svg HTTP/1.1	Mozilla/5.0 (Macintosh; Intel Mac OS X 10_15_6) AppleWebKit/537.36 (KHTML, like Gecko) Chrome/85.0.4183.121 Safari/537.36	http://localhost:8080/service-worker.js	0:0:0:0:0:0:0:1	950
2020-10-12 15:46:17	200	GET /img/favicon.png HTTP/1.1	Mozilla/5.0 (Macintosh; Intel Mac OS X 10_15_6) AppleWebKit/537.36 (KHTML, like Gecko) Chrome/85.0.4183.121 Safari/537.36	http://localhost:8080/service-worker.js	0:0:0:0:0:0:0:1	2761
2020-10-12 15:46:17	200	GET /img/faces/face-7.jpg HTTP/1.1	Mozilla/5.0 (Macintosh; Intel Mac OS X 10_15_6) AppleWebKit/537.36 (KHTML, like Gecko) Chrome/85.0.4183.121 Safari/537.36	http://localhost:8080/service-worker.js	0:0:0:0:0:0:0:1	21603
2020-10-12 15:46:17	200	GET /img/faces/face-6.jpg HTTP/1.1	Mozilla/5.0 (Macintosh; Intel Mac OS X 10_15_6) AppleWebKit/537.36 (KHTML, like Gecko) Chrome/85.0.4183.121 Safari/537.36	http://localhost:8080/service-worker.js	0:0:0:0:0:0:0:1	4581
2020-10-12 15:46:17	200	GET /img/new_logo.png HTTP/1.1	Mozilla/5.0 (Macintosh; Intel Mac OS X 10_15_6) AppleWebKit/537.36 (KHTML, like Gecko) Chrome/85.0.4183.121 Safari/537.36	http://localhost:8080/service-worker.js	0:0:0:0:0:0:0:1	3557
2020-10-12 15:46:17	200	GET /img/vue-logo.png HTTP/1.1	Mozilla/5.0 (Macintosh; Intel Mac OS X 10_15_6) AppleWebKit/537.36 (KHTML, like Gecko) Chrome/85.0.4183.121 Safari/537.36	http://localhost:8080/service-worker.js	0:0:0:0:0:0:0:1	4178
2020-10-12 15:46:17	200	GET /img/mask.png HTTP/1.1	Mozilla/5.0 (Macintosh; Intel Mac OS X 10_15_6) AppleWebKit/537.36 (KHTML, like Gecko) Chrome/85.0.4183.121 Safari/537.36	http://localhost:8080/service-worker.js	0:0:0:0:0:0:0:1	756
2020-10-12 15:46:17	200	GET /img/sidebar-2.jpg HTTP/1.1	Mozilla/5.0 (Macintosh; Intel Mac OS X 10_15_6) AppleWebKit/537.36 (KHTML, like Gecko) Chrome/85.0.4183.121 Safari/537.36	http://localhost:8080/service-worker.js	0:0:0:0:0:0:0:1	129997
2020-10-12 15:46:17	200	GET /img/sidebar-5.jpg HTTP/1.1	Mozilla/5.0 (Macintosh; Intel Mac OS X 10_15_6) AppleWebKit/537.36 (KHTML, like Gecko) Chrome/85.0.4183.121 Safari/537.36	http://localhost:8080/service-worker.js	0:0:0:0:0:0:0:1	77287
2020-10-12 15:46:17	200	GET /img/tim_80x80.png HTTP/1.1	Mozilla/5.0 (Macintosh; Intel Mac OS X 10_15_6) AppleWebKit/537.36 (KHTML, like Gecko) Chrome/85.0.4183.121 Safari/537.36	http://localhost:8080/service-worker.js	0:0:0:0:0:0:0:1	4821
2020-10-12 15:46:17	200	GET /robots.txt HTTP/1.1	Mozilla/5.0 (Macintosh; Intel Mac OS X 10_15_6) AppleWebKit/537.36 (KHTML, like Gecko) Chrome/85.0.4183.121 Safari/537.36	http://localhost:8080/service-worker.js	0:0:0:0:0:0:0:1	24
2020-10-12 15:46:17	200	GET /img/sidebar-1.jpg HTTP/1.1	Mozilla/5.0 (Macintosh; Intel Mac OS X 10_15_6) AppleWebKit/537.36 (KHTML, like Gecko) Chrome/85.0.4183.121 Safari/537.36	http://localhost:8080/service-worker.js	0:0:0:0:0:0:0:1	225399
2020-10-12 15:46:17	200	GET /img/sidebar-4.jpg HTTP/1.1	Mozilla/5.0 (Macintosh; Intel Mac OS X 10_15_6) AppleWebKit/537.36 (KHTML, like Gecko) Chrome/85.0.4183.121 Safari/537.36	http://localhost:8080/service-worker.js	0:0:0:0:0:0:0:1	143224
2020-10-12 15:46:17	200	GET /img/sidebar-3.jpg HTTP/1.1	Mozilla/5.0 (Macintosh; Intel Mac OS X 10_15_6) AppleWebKit/537.36 (KHTML, like Gecko) Chrome/85.0.4183.121 Safari/537.36	http://localhost:8080/service-worker.js	0:0:0:0:0:0:0:1	119572
2020-10-12 15:46:21	404	GET /sockjs-node/info?t=1602485181492 HTTP/1.1	Mozilla/5.0 (Macintosh; Intel Mac OS X 10_15_6) AppleWebKit/537.36 (KHTML, like Gecko) Chrome/85.0.4183.121 Safari/537.36	http://localhost:8080/	0:0:0:0:0:0:0:1	149
2020-10-12 17:29:47	200	GET /js/chunk-2d219ff9.0aab29fd.js HTTP/1.1	Mozilla/5.0 (Macintosh; Intel Mac OS X 10_15_6) AppleWebKit/537.36 (KHTML, like Gecko) Chrome/85.0.4183.121 Safari/537.36	http://localhost:8080/	0:0:0:0:0:0:0:1	40112
2020-10-12 17:29:47	200	GET /js/app.7e2f0893.js HTTP/1.1	Mozilla/5.0 (Macintosh; Intel Mac OS X 10_15_6) AppleWebKit/537.36 (KHTML, like Gecko) Chrome/85.0.4183.121 Safari/537.36	http://localhost:8080/	0:0:0:0:0:0:0:1	87368
2020-10-12 17:29:47	200	GET /css/chunk-vendors.427d5374.css HTTP/1.1	Mozilla/5.0 (Macintosh; Intel Mac OS X 10_15_6) AppleWebKit/537.36 (KHTML, like Gecko) Chrome/85.0.4183.121 Safari/537.36	http://localhost:8080/	0:0:0:0:0:0:0:1	254812
2020-10-12 17:29:47	200	GET /js/chunk-vendors.4485e670.js HTTP/1.1	Mozilla/5.0 (Macintosh; Intel Mac OS X 10_15_6) AppleWebKit/537.36 (KHTML, like Gecko) Chrome/85.0.4183.121 Safari/537.36	http://localhost:8080/	0:0:0:0:0:0:0:1	763662
2020-10-12 17:29:47	200	GET / HTTP/1.1	Mozilla/5.0 (Macintosh; Intel Mac OS X 10_15_6) AppleWebKit/537.36 (KHTML, like Gecko) Chrome/85.0.4183.121 Safari/537.36	-	0:0:0:0:0:0:0:1	1830
2020-10-12 17:29:47	200	GET /css/app.1c5bb2ec.css HTTP/1.1	Mozilla/5.0 (Macintosh; Intel Mac OS X 10_15_6) AppleWebKit/537.36 (KHTML, like Gecko) Chrome/85.0.4183.121 Safari/537.36	http://localhost:8080/	0:0:0:0:0:0:0:1	89921
2020-10-12 17:29:47	200	GET /js/chunk-2d219ff9.0aab29fd.js HTTP/1.1	Mozilla/5.0 (Macintosh; Intel Mac OS X 10_15_6) AppleWebKit/537.36 (KHTML, like Gecko) Chrome/85.0.4183.121 Safari/537.36	http://localhost:8080/	0:0:0:0:0:0:0:1	40112
2020-10-12 17:29:47	200	GET /img/vue-logo.png HTTP/1.1	Mozilla/5.0 (Macintosh; Intel Mac OS X 10_15_6) AppleWebKit/537.36 (KHTML, like Gecko) Chrome/85.0.4183.121 Safari/537.36	http://localhost:8080/	0:0:0:0:0:0:0:1	4178
2020-10-12 17:29:47	200	GET /img/sidebar-5.jpg HTTP/1.1	Mozilla/5.0 (Macintosh; Intel Mac OS X 10_15_6) AppleWebKit/537.36 (KHTML, like Gecko) Chrome/85.0.4183.121 Safari/537.36	http://localhost:8080/	0:0:0:0:0:0:0:1	77287
2020-10-12 17:29:47	200	GET /fonts/nucleo-icons.ff208b8d.woff2 HTTP/1.1	Mozilla/5.0 (Macintosh; Intel Mac OS X 10_15_6) AppleWebKit/537.36 (KHTML, like Gecko) Chrome/85.0.4183.121 Safari/537.36	http://localhost:8080/css/app.1c5bb2ec.css	0:0:0:0:0:0:0:1	13344
2020-10-12 17:29:47	200	GET /service-worker.js HTTP/1.1	Mozilla/5.0 (Macintosh; Intel Mac OS X 10_15_6) AppleWebKit/537.36 (KHTML, like Gecko) Chrome/85.0.4183.121 Safari/537.36	http://localhost:8080/	0:0:0:0:0:0:0:1	986
2020-10-12 17:29:47	200	GET /service-worker.js HTTP/1.1	Mozilla/5.0 (Macintosh; Intel Mac OS X 10_15_6) AppleWebKit/537.36 (KHTML, like Gecko) Chrome/85.0.4183.121 Safari/537.36	http://localhost:8080/	0:0:0:0:0:0:0:1	986
2020-10-12 17:29:47	200	GET /precache-manifest.bb3bd9aee22beb9601c2ec4f90117157.js HTTP/1.1	Mozilla/5.0 (Macintosh; Intel Mac OS X 10_15_6) AppleWebKit/537.36 (KHTML, like Gecko) Chrome/85.0.4183.121 Safari/537.36	http://localhost:8080/service-worker.js	0:0:0:0:0:0:0:1	3320
2020-10-12 17:29:47	200	GET /service-worker.js HTTP/1.1	Mozilla/5.0 (Macintosh; Intel Mac OS X 10_15_6) AppleWebKit/537.36 (KHTML, like Gecko) Chrome/85.0.4183.121 Safari/537.36	http://localhost:8080/service-worker.js	0:0:0:0:0:0:0:1	986
2020-10-12 17:29:48	200	GET /css/app.1c5bb2ec.css HTTP/1.1	Mozilla/5.0 (Macintosh; Intel Mac OS X 10_15_6) AppleWebKit/537.36 (KHTML, like Gecko) Chrome/85.0.4183.121 Safari/537.36	http://localhost:8080/service-worker.js	0:0:0:0:0:0:0:1	89921
2020-10-12 17:29:48	200	GET /js/chunk-2d219ff9.0aab29fd.js HTTP/1.1	Mozilla/5.0 (Macintosh; Intel Mac OS X 10_15_6) AppleWebKit/537.36 (KHTML, like Gecko) Chrome/85.0.4183.121 Safari/537.36	http://localhost:8080/service-worker.js	0:0:0:0:0:0:0:1	40112
2020-10-12 17:29:48	200	GET /fonts/nucleo-icons.b0dc05d0.ttf HTTP/1.1	Mozilla/5.0 (Macintosh; Intel Mac OS X 10_15_6) AppleWebKit/537.36 (KHTML, like Gecko) Chrome/85.0.4183.121 Safari/537.36	http://localhost:8080/service-worker.js	0:0:0:0:0:0:0:1	27376
2020-10-12 17:29:48	200	GET /fonts/nucleo-icons.ff208b8d.woff2 HTTP/1.1	Mozilla/5.0 (Macintosh; Intel Mac OS X 10_15_6) AppleWebKit/537.36 (KHTML, like Gecko) Chrome/85.0.4183.121 Safari/537.36	http://localhost:8080/service-worker.js	0:0:0:0:0:0:0:1	13344
2020-10-12 17:29:48	200	GET /js/app.7e2f0893.js HTTP/1.1	Mozilla/5.0 (Macintosh; Intel Mac OS X 10_15_6) AppleWebKit/537.36 (KHTML, like Gecko) Chrome/85.0.4183.121 Safari/537.36	http://localhost:8080/service-worker.js	0:0:0:0:0:0:0:1	87368
2020-10-12 17:29:48	200	GET /css/chunk-vendors.427d5374.css HTTP/1.1	Mozilla/5.0 (Macintosh; Intel Mac OS X 10_15_6) AppleWebKit/537.36 (KHTML, like Gecko) Chrome/85.0.4183.121 Safari/537.36	http://localhost:8080/service-worker.js	0:0:0:0:0:0:0:1	254812
2020-10-12 17:29:48	200	GET /js/chunk-vendors.4485e670.js HTTP/1.1	Mozilla/5.0 (Macintosh; Intel Mac OS X 10_15_6) AppleWebKit/537.36 (KHTML, like Gecko) Chrome/85.0.4183.121 Safari/537.36	http://localhost:8080/service-worker.js	0:0:0:0:0:0:0:1	763662
2020-10-12 17:29:48	200	GET /index.html HTTP/1.1	Mozilla/5.0 (Macintosh; Intel Mac OS X 10_15_6) AppleWebKit/537.36 (KHTML, like Gecko) Chrome/85.0.4183.121 Safari/537.36	http://localhost:8080/service-worker.js	0:0:0:0:0:0:0:1	1830
2020-10-12 17:29:48	200	GET /fonts/nucleo-icons.8224e016.eot HTTP/1.1	Mozilla/5.0 (Macintosh; Intel Mac OS X 10_15_6) AppleWebKit/537.36 (KHTML, like Gecko) Chrome/85.0.4183.121 Safari/537.36	http://localhost:8080/service-worker.js	0:0:0:0:0:0:0:1	27560
2020-10-12 17:29:48	200	GET /img/faces/face-0.jpg HTTP/1.1	Mozilla/5.0 (Macintosh; Intel Mac OS X 10_15_6) AppleWebKit/537.36 (KHTML, like Gecko) Chrome/85.0.4183.121 Safari/537.36	http://localhost:8080/service-worker.js	0:0:0:0:0:0:0:1	2864
2020-10-12 17:29:48	200	GET /img/nucleo-icons.ae42fa52.svg HTTP/1.1	Mozilla/5.0 (Macintosh; Intel Mac OS X 10_15_6) AppleWebKit/537.36 (KHTML, like Gecko) Chrome/85.0.4183.121 Safari/537.36	http://localhost:8080/service-worker.js	0:0:0:0:0:0:0:1	149268
2020-10-12 17:29:48	200	GET /img/default-avatar.png HTTP/1.1	Mozilla/5.0 (Macintosh; Intel Mac OS X 10_15_6) AppleWebKit/537.36 (KHTML, like Gecko) Chrome/85.0.4183.121 Safari/537.36	http://localhost:8080/service-worker.js	0:0:0:0:0:0:0:1	2864
2020-10-12 17:29:48	200	GET /favicon.png HTTP/1.1	Mozilla/5.0 (Macintosh; Intel Mac OS X 10_15_6) AppleWebKit/537.36 (KHTML, like Gecko) Chrome/85.0.4183.121 Safari/537.36	http://localhost:8080/service-worker.js	0:0:0:0:0:0:0:1	2761
2020-10-12 17:29:48	200	GET /img/faces/face-2.jpg HTTP/1.1	Mozilla/5.0 (Macintosh; Intel Mac OS X 10_15_6) AppleWebKit/537.36 (KHTML, like Gecko) Chrome/85.0.4183.121 Safari/537.36	http://localhost:8080/service-worker.js	0:0:0:0:0:0:0:1	20663
2020-10-12 17:29:48	200	GET /img/faces/face-1.jpg HTTP/1.1	Mozilla/5.0 (Macintosh; Intel Mac OS X 10_15_6) AppleWebKit/537.36 (KHTML, like Gecko) Chrome/85.0.4183.121 Safari/537.36	http://localhost:8080/service-worker.js	0:0:0:0:0:0:0:1	20568
2020-10-12 17:29:48	200	GET /img/faces/face-5.jpg HTTP/1.1	Mozilla/5.0 (Macintosh; Intel Mac OS X 10_15_6) AppleWebKit/537.36 (KHTML, like Gecko) Chrome/85.0.4183.121 Safari/537.36	http://localhost:8080/service-worker.js	0:0:0:0:0:0:0:1	4716
2020-10-12 17:29:48	200	GET /Dashboard.PNG HTTP/1.1	Mozilla/5.0 (Macintosh; Intel Mac OS X 10_15_6) AppleWebKit/537.36 (KHTML, like Gecko) Chrome/85.0.4183.121 Safari/537.36	http://localhost:8080/service-worker.js	0:0:0:0:0:0:0:1	224552
2020-10-12 17:29:48	200	GET /img/faces/face-3.jpg HTTP/1.1	Mozilla/5.0 (Macintosh; Intel Mac OS X 10_15_6) AppleWebKit/537.36 (KHTML, like Gecko) Chrome/85.0.4183.121 Safari/537.36	http://localhost:8080/service-worker.js	0:0:0:0:0:0:0:1	20603
2020-10-12 17:29:48	200	GET /img/faces/face-6.jpg HTTP/1.1	Mozilla/5.0 (Macintosh; Intel Mac OS X 10_15_6) AppleWebKit/537.36 (KHTML, like Gecko) Chrome/85.0.4183.121 Safari/537.36	http://localhost:8080/service-worker.js	0:0:0:0:0:0:0:1	4581
2020-10-12 17:29:48	200	GET /img/favicon.png HTTP/1.1	Mozilla/5.0 (Macintosh; Intel Mac OS X 10_15_6) AppleWebKit/537.36 (KHTML, like Gecko) Chrome/85.0.4183.121 Safari/537.36	http://localhost:8080/service-worker.js	0:0:0:0:0:0:0:1	2761
2020-10-12 17:29:48	200	GET /img/faces/face-4.jpg HTTP/1.1	Mozilla/5.0 (Macintosh; Intel Mac OS X 10_15_6) AppleWebKit/537.36 (KHTML, like Gecko) Chrome/85.0.4183.121 Safari/537.36	http://localhost:8080/service-worker.js	0:0:0:0:0:0:0:1	19868
2020-10-12 17:29:48	200	GET /img/faces/face-7.jpg HTTP/1.1	Mozilla/5.0 (Macintosh; Intel Mac OS X 10_15_6) AppleWebKit/537.36 (KHTML, like Gecko) Chrome/85.0.4183.121 Safari/537.36	http://localhost:8080/service-worker.js	0:0:0:0:0:0:0:1	21603
2020-10-12 17:29:48	200	GET /img/loading-bubbles.svg HTTP/1.1	Mozilla/5.0 (Macintosh; Intel Mac OS X 10_15_6) AppleWebKit/537.36 (KHTML, like Gecko) Chrome/85.0.4183.121 Safari/537.36	http://localhost:8080/service-worker.js	0:0:0:0:0:0:0:1	950
2020-10-12 17:29:48	200	GET /img/vue-logo.png HTTP/1.1	Mozilla/5.0 (Macintosh; Intel Mac OS X 10_15_6) AppleWebKit/537.36 (KHTML, like Gecko) Chrome/85.0.4183.121 Safari/537.36	http://localhost:8080/service-worker.js	0:0:0:0:0:0:0:1	4178
2020-10-12 17:29:48	200	GET /img/sidebar-5.jpg HTTP/1.1	Mozilla/5.0 (Macintosh; Intel Mac OS X 10_15_6) AppleWebKit/537.36 (KHTML, like Gecko) Chrome/85.0.4183.121 Safari/537.36	http://localhost:8080/service-worker.js	0:0:0:0:0:0:0:1	77287
2020-10-12 17:29:48	200	GET /img/faces/tim_vector.jpe HTTP/1.1	Mozilla/5.0 (Macintosh; Intel Mac OS X 10_15_6) AppleWebKit/537.36 (KHTML, like Gecko) Chrome/85.0.4183.121 Safari/537.36	http://localhost:8080/service-worker.js	0:0:0:0:0:0:0:1	29406
2020-10-12 17:29:48	200	GET /img/new_logo.png HTTP/1.1	Mozilla/5.0 (Macintosh; Intel Mac OS X 10_15_6) AppleWebKit/537.36 (KHTML, like Gecko) Chrome/85.0.4183.121 Safari/537.36	http://localhost:8080/service-worker.js	0:0:0:0:0:0:0:1	3557
2020-10-12 17:29:48	200	GET /img/mask.png HTTP/1.1	Mozilla/5.0 (Macintosh; Intel Mac OS X 10_15_6) AppleWebKit/537.36 (KHTML, like Gecko) Chrome/85.0.4183.121 Safari/537.36	http://localhost:8080/service-worker.js	0:0:0:0:0:0:0:1	756
2020-10-12 17:29:48	200	GET /img/sidebar-2.jpg HTTP/1.1	Mozilla/5.0 (Macintosh; Intel Mac OS X 10_15_6) AppleWebKit/537.36 (KHTML, like Gecko) Chrome/85.0.4183.121 Safari/537.36	http://localhost:8080/service-worker.js	0:0:0:0:0:0:0:1	129997
2020-10-12 17:29:48	200	GET /img/tim_80x80.png HTTP/1.1	Mozilla/5.0 (Macintosh; Intel Mac OS X 10_15_6) AppleWebKit/537.36 (KHTML, like Gecko) Chrome/85.0.4183.121 Safari/537.36	http://localhost:8080/service-worker.js	0:0:0:0:0:0:0:1	4821
2020-10-12 17:29:48	200	GET /img/sidebar-3.jpg HTTP/1.1	Mozilla/5.0 (Macintosh; Intel Mac OS X 10_15_6) AppleWebKit/537.36 (KHTML, like Gecko) Chrome/85.0.4183.121 Safari/537.36	http://localhost:8080/service-worker.js	0:0:0:0:0:0:0:1	119572
2020-10-12 17:29:48	200	GET /img/sidebar-1.jpg HTTP/1.1	Mozilla/5.0 (Macintosh; Intel Mac OS X 10_15_6) AppleWebKit/537.36 (KHTML, like Gecko) Chrome/85.0.4183.121 Safari/537.36	http://localhost:8080/service-worker.js	0:0:0:0:0:0:0:1	225399
2020-10-12 17:29:48	200	GET /img/sidebar-4.jpg HTTP/1.1	Mozilla/5.0 (Macintosh; Intel Mac OS X 10_15_6) AppleWebKit/537.36 (KHTML, like Gecko) Chrome/85.0.4183.121 Safari/537.36	http://localhost:8080/service-worker.js	0:0:0:0:0:0:0:1	143224
2020-10-12 17:29:48	200	GET /robots.txt HTTP/1.1	Mozilla/5.0 (Macintosh; Intel Mac OS X 10_15_6) AppleWebKit/537.36 (KHTML, like Gecko) Chrome/85.0.4183.121 Safari/537.36	http://localhost:8080/service-worker.js	0:0:0:0:0:0:0:1	24
2020-10-12 17:29:48	404	GET /.gitkeep HTTP/1.1	Mozilla/5.0 (Macintosh; Intel Mac OS X 10_15_6) AppleWebKit/537.36 (KHTML, like Gecko) Chrome/85.0.4183.121 Safari/537.36	http://localhost:8080/service-worker.js	0:0:0:0:0:0:0:1	141
2020-10-12 17:29:52	200	GET /css/app.1c5bb2ec.css HTTP/1.1	Mozilla/5.0 (Macintosh; Intel Mac OS X 10_15_6) AppleWebKit/537.36 (KHTML, like Gecko) Chrome/85.0.4183.121 Safari/537.36	http://localhost:8080/	0:0:0:0:0:0:0:1	89921
2020-10-12 17:29:52	200	GET /css/chunk-vendors.427d5374.css HTTP/1.1	Mozilla/5.0 (Macintosh; Intel Mac OS X 10_15_6) AppleWebKit/537.36 (KHTML, like Gecko) Chrome/85.0.4183.121 Safari/537.36	http://localhost:8080/	0:0:0:0:0:0:0:1	254812
2020-10-12 17:29:53	200	GET /manifest.json HTTP/1.1	Mozilla/5.0 (Macintosh; Intel Mac OS X 10_15_6) AppleWebKit/537.36 (KHTML, like Gecko) Chrome/85.0.4183.121 Safari/537.36	http://localhost:8080/	0:0:0:0:0:0:0:1	471
2020-10-12 17:29:53	200	GET /js/chunk-2d219ff9.0aab29fd.js.map HTTP/1.1	Mozilla/5.0 (Macintosh; Intel Mac OS X 10_15_6) AppleWebKit/537.36 (KHTML, like Gecko) Chrome/85.0.4183.121 Safari/537.36	-	0:0:0:0:0:0:0:1	242820
2020-10-12 17:29:53	200	GET /js/app.7e2f0893.js.map HTTP/1.1	Mozilla/5.0 (Macintosh; Intel Mac OS X 10_15_6) AppleWebKit/537.36 (KHTML, like Gecko) Chrome/85.0.4183.121 Safari/537.36	-	0:0:0:0:0:0:0:1	320066
2020-10-12 17:29:53	200	GET /js/chunk-vendors.4485e670.js.map HTTP/1.1	Mozilla/5.0 (Macintosh; Intel Mac OS X 10_15_6) AppleWebKit/537.36 (KHTML, like Gecko) Chrome/85.0.4183.121 Safari/537.36	-	0:0:0:0:0:0:0:1	3906304
2020-10-12 17:29:56	200	GET /img/vue-logo.png HTTP/1.1	Mozilla/5.0 (Macintosh; Intel Mac OS X 10_15_6) AppleWebKit/537.36 (KHTML, like Gecko) Chrome/85.0.4183.121 Safari/537.36	http://localhost:8080/	0:0:0:0:0:0:0:1	4178
2020-10-12 17:29:56	200	GET /img/sidebar-5.jpg HTTP/1.1	Mozilla/5.0 (Macintosh; Intel Mac OS X 10_15_6) AppleWebKit/537.36 (KHTML, like Gecko) Chrome/85.0.4183.121 Safari/537.36	http://localhost:8080/	0:0:0:0:0:0:0:1	77287
2020-10-12 17:29:59	200	GET / HTTP/1.1	Mozilla/5.0 (Macintosh; Intel Mac OS X 10_15_6) AppleWebKit/537.36 (KHTML, like Gecko) Chrome/85.0.4183.121 Safari/537.36	-	0:0:0:0:0:0:0:1	1830
2020-10-12 17:29:59	200	GET /css/chunk-vendors.427d5374.css HTTP/1.1	Mozilla/5.0 (Macintosh; Intel Mac OS X 10_15_6) AppleWebKit/537.36 (KHTML, like Gecko) Chrome/85.0.4183.121 Safari/537.36	http://localhost:8080/	0:0:0:0:0:0:0:1	254812
2020-10-12 17:29:59	200	GET /css/app.1c5bb2ec.css HTTP/1.1	Mozilla/5.0 (Macintosh; Intel Mac OS X 10_15_6) AppleWebKit/537.36 (KHTML, like Gecko) Chrome/85.0.4183.121 Safari/537.36	http://localhost:8080/	0:0:0:0:0:0:0:1	89921
2020-10-12 17:29:59	200	GET /js/chunk-2d219ff9.0aab29fd.js HTTP/1.1	Mozilla/5.0 (Macintosh; Intel Mac OS X 10_15_6) AppleWebKit/537.36 (KHTML, like Gecko) Chrome/85.0.4183.121 Safari/537.36	http://localhost:8080/	0:0:0:0:0:0:0:1	40112
2020-10-12 17:29:59	200	GET /js/chunk-vendors.4485e670.js HTTP/1.1	Mozilla/5.0 (Macintosh; Intel Mac OS X 10_15_6) AppleWebKit/537.36 (KHTML, like Gecko) Chrome/85.0.4183.121 Safari/537.36	http://localhost:8080/	0:0:0:0:0:0:0:1	763662
2020-10-12 17:29:59	200	GET /js/app.7e2f0893.js HTTP/1.1	Mozilla/5.0 (Macintosh; Intel Mac OS X 10_15_6) AppleWebKit/537.36 (KHTML, like Gecko) Chrome/85.0.4183.121 Safari/537.36	http://localhost:8080/	0:0:0:0:0:0:0:1	87368
2020-10-12 17:29:59	200	GET /js/app.7e2f0893.js.map HTTP/1.1	Mozilla/5.0 (Macintosh; Intel Mac OS X 10_15_6) AppleWebKit/537.36 (KHTML, like Gecko) Chrome/85.0.4183.121 Safari/537.36	-	0:0:0:0:0:0:0:1	320066
2020-10-12 17:30:00	200	GET /js/chunk-vendors.4485e670.js.map HTTP/1.1	Mozilla/5.0 (Macintosh; Intel Mac OS X 10_15_6) AppleWebKit/537.36 (KHTML, like Gecko) Chrome/85.0.4183.121 Safari/537.36	-	0:0:0:0:0:0:0:1	3906304
2020-10-12 17:30:00	200	GET /js/chunk-2d219ff9.0aab29fd.js HTTP/1.1	Mozilla/5.0 (Macintosh; Intel Mac OS X 10_15_6) AppleWebKit/537.36 (KHTML, like Gecko) Chrome/85.0.4183.121 Safari/537.36	http://localhost:8080/	0:0:0:0:0:0:0:1	40112
2020-10-12 17:30:00	200	GET /img/vue-logo.png HTTP/1.1	Mozilla/5.0 (Macintosh; Intel Mac OS X 10_15_6) AppleWebKit/537.36 (KHTML, like Gecko) Chrome/85.0.4183.121 Safari/537.36	http://localhost:8080/	0:0:0:0:0:0:0:1	4178
2020-10-12 17:30:00	200	GET /img/sidebar-5.jpg HTTP/1.1	Mozilla/5.0 (Macintosh; Intel Mac OS X 10_15_6) AppleWebKit/537.36 (KHTML, like Gecko) Chrome/85.0.4183.121 Safari/537.36	http://localhost:8080/	0:0:0:0:0:0:0:1	77287
2020-10-12 17:30:00	200	GET /fonts/nucleo-icons.ff208b8d.woff2 HTTP/1.1	Mozilla/5.0 (Macintosh; Intel Mac OS X 10_15_6) AppleWebKit/537.36 (KHTML, like Gecko) Chrome/85.0.4183.121 Safari/537.36	http://localhost:8080/css/app.1c5bb2ec.css	0:0:0:0:0:0:0:1	13344
2020-10-12 17:30:00	200	GET /js/chunk-2d219ff9.0aab29fd.js.map HTTP/1.1	Mozilla/5.0 (Macintosh; Intel Mac OS X 10_15_6) AppleWebKit/537.36 (KHTML, like Gecko) Chrome/85.0.4183.121 Safari/537.36	-	0:0:0:0:0:0:0:1	242820
2020-10-12 17:30:00	200	GET /service-worker.js HTTP/1.1	Mozilla/5.0 (Macintosh; Intel Mac OS X 10_15_6) AppleWebKit/537.36 (KHTML, like Gecko) Chrome/85.0.4183.121 Safari/537.36	http://localhost:8080/	0:0:0:0:0:0:0:1	986
2020-10-12 17:32:24	200	GET / HTTP/1.1	Mozilla/5.0 (Macintosh; Intel Mac OS X 10_15_6) AppleWebKit/537.36 (KHTML, like Gecko) Chrome/85.0.4183.121 Safari/537.36	-	0:0:0:0:0:0:0:1	1830
2020-10-12 17:32:24	200	GET /js/app.7e2f0893.js HTTP/1.1	Mozilla/5.0 (Macintosh; Intel Mac OS X 10_15_6) AppleWebKit/537.36 (KHTML, like Gecko) Chrome/85.0.4183.121 Safari/537.36	http://localhost:8080/	0:0:0:0:0:0:0:1	87368
2020-10-12 17:32:24	200	GET /js/chunk-2d219ff9.0aab29fd.js HTTP/1.1	Mozilla/5.0 (Macintosh; Intel Mac OS X 10_15_6) AppleWebKit/537.36 (KHTML, like Gecko) Chrome/85.0.4183.121 Safari/537.36	http://localhost:8080/	0:0:0:0:0:0:0:1	40112
2020-10-12 17:32:24	200	GET /css/app.1c5bb2ec.css HTTP/1.1	Mozilla/5.0 (Macintosh; Intel Mac OS X 10_15_6) AppleWebKit/537.36 (KHTML, like Gecko) Chrome/85.0.4183.121 Safari/537.36	http://localhost:8080/	0:0:0:0:0:0:0:1	89921
2020-10-12 17:32:24	200	GET /css/chunk-vendors.427d5374.css HTTP/1.1	Mozilla/5.0 (Macintosh; Intel Mac OS X 10_15_6) AppleWebKit/537.36 (KHTML, like Gecko) Chrome/85.0.4183.121 Safari/537.36	http://localhost:8080/	0:0:0:0:0:0:0:1	254812
2020-10-12 17:32:24	200	GET /js/chunk-vendors.4485e670.js HTTP/1.1	Mozilla/5.0 (Macintosh; Intel Mac OS X 10_15_6) AppleWebKit/537.36 (KHTML, like Gecko) Chrome/85.0.4183.121 Safari/537.36	http://localhost:8080/	0:0:0:0:0:0:0:1	763662
2020-10-12 17:32:24	200	GET /js/app.7e2f0893.js.map HTTP/1.1	Mozilla/5.0 (Macintosh; Intel Mac OS X 10_15_6) AppleWebKit/537.36 (KHTML, like Gecko) Chrome/85.0.4183.121 Safari/537.36	-	0:0:0:0:0:0:0:1	320066
2020-10-12 17:32:24	200	GET /js/chunk-vendors.4485e670.js.map HTTP/1.1	Mozilla/5.0 (Macintosh; Intel Mac OS X 10_15_6) AppleWebKit/537.36 (KHTML, like Gecko) Chrome/85.0.4183.121 Safari/537.36	-	0:0:0:0:0:0:0:1	3906304
2020-10-12 17:32:24	200	GET /service-worker.js HTTP/1.1	Mozilla/5.0 (Macintosh; Intel Mac OS X 10_15_6) AppleWebKit/537.36 (KHTML, like Gecko) Chrome/85.0.4183.121 Safari/537.36	http://localhost:8080/	0:0:0:0:0:0:0:1	986
2020-10-12 17:37:52	200	GET /js/app.7e2f0893.js.map HTTP/1.1	Mozilla/5.0 (Macintosh; Intel Mac OS X 10_15_6) AppleWebKit/537.36 (KHTML, like Gecko) Chrome/85.0.4183.121 Safari/537.36	-	0:0:0:0:0:0:0:1	320066
2020-10-12 17:37:52	200	GET /js/chunk-vendors.4485e670.js.map HTTP/1.1	Mozilla/5.0 (Macintosh; Intel Mac OS X 10_15_6) AppleWebKit/537.36 (KHTML, like Gecko) Chrome/85.0.4183.121 Safari/537.36	-	0:0:0:0:0:0:0:1	3906304
2020-10-12 17:37:53	200	GET /service-worker.js HTTP/1.1	Mozilla/5.0 (Macintosh; Intel Mac OS X 10_15_6) AppleWebKit/537.36 (KHTML, like Gecko) Chrome/85.0.4183.121 Safari/537.36	http://localhost:8080/	0:0:0:0:0:0:0:1	986
2020-10-12 17:37:53	200	GET /js/chunk-2d219ff9.0aab29fd.js.map HTTP/1.1	Mozilla/5.0 (Macintosh; Intel Mac OS X 10_15_6) AppleWebKit/537.36 (KHTML, like Gecko) Chrome/85.0.4183.121 Safari/537.36	-	0:0:0:0:0:0:0:1	242820
2020-10-12 17:37:54	200	GET /service-worker.js HTTP/1.1	Mozilla/5.0 (Macintosh; Intel Mac OS X 10_15_6) AppleWebKit/537.36 (KHTML, like Gecko) Chrome/85.0.4183.121 Safari/537.36	http://localhost:8080/service-worker.js	0:0:0:0:0:0:0:1	986
2020-10-12 17:37:54	200	GET /precache-manifest.124ad114c132f262a0cfaece7c5aa4ef.js HTTP/1.1	Mozilla/5.0 (Macintosh; Intel Mac OS X 10_15_6) AppleWebKit/537.36 (KHTML, like Gecko) Chrome/85.0.4183.121 Safari/537.36	http://localhost:8080/service-worker.js	0:0:0:0:0:0:0:1	3320
2020-10-12 17:37:54	200	GET /service-worker.js HTTP/1.1	Mozilla/5.0 (Macintosh; Intel Mac OS X 10_15_6) AppleWebKit/537.36 (KHTML, like Gecko) Chrome/85.0.4183.121 Safari/537.36	http://localhost:8080/service-worker.js	0:0:0:0:0:0:0:1	986
2020-10-12 17:37:54	200	GET /js/app.d33bc1c6.js HTTP/1.1	Mozilla/5.0 (Macintosh; Intel Mac OS X 10_15_6) AppleWebKit/537.36 (KHTML, like Gecko) Chrome/85.0.4183.121 Safari/537.36	http://localhost:8080/service-worker.js	0:0:0:0:0:0:0:1	88911
2020-10-12 17:37:54	200	GET /css/app.1c5bb2ec.css HTTP/1.1	Mozilla/5.0 (Macintosh; Intel Mac OS X 10_15_6) AppleWebKit/537.36 (KHTML, like Gecko) Chrome/85.0.4183.121 Safari/537.36	http://localhost:8080/service-worker.js	0:0:0:0:0:0:0:1	89921
2020-10-12 17:37:54	200	GET /css/chunk-vendors.427d5374.css HTTP/1.1	Mozilla/5.0 (Macintosh; Intel Mac OS X 10_15_6) AppleWebKit/537.36 (KHTML, like Gecko) Chrome/85.0.4183.121 Safari/537.36	http://localhost:8080/service-worker.js	0:0:0:0:0:0:0:1	254812
2020-10-12 17:37:54	200	GET /index.html HTTP/1.1	Mozilla/5.0 (Macintosh; Intel Mac OS X 10_15_6) AppleWebKit/537.36 (KHTML, like Gecko) Chrome/85.0.4183.121 Safari/537.36	http://localhost:8080/service-worker.js	0:0:0:0:0:0:0:1	1830
2020-10-12 17:37:54	200	GET /js/chunk-vendors.039d618e.js HTTP/1.1	Mozilla/5.0 (Macintosh; Intel Mac OS X 10_15_6) AppleWebKit/537.36 (KHTML, like Gecko) Chrome/85.0.4183.121 Safari/537.36	http://localhost:8080/service-worker.js	0:0:0:0:0:0:0:1	763648
2020-10-12 17:37:55	404	GET /.gitkeep HTTP/1.1	Mozilla/5.0 (Macintosh; Intel Mac OS X 10_15_6) AppleWebKit/537.36 (KHTML, like Gecko) Chrome/85.0.4183.121 Safari/537.36	http://localhost:8080/service-worker.js	0:0:0:0:0:0:0:1	141
2020-10-12 17:37:56	200	GET / HTTP/1.1	Mozilla/5.0 (Macintosh; Intel Mac OS X 10_15_6) AppleWebKit/537.36 (KHTML, like Gecko) Chrome/85.0.4183.121 Safari/537.36	-	0:0:0:0:0:0:0:1	1830
2020-10-12 17:37:56	200	GET /css/app.1c5bb2ec.css HTTP/1.1	Mozilla/5.0 (Macintosh; Intel Mac OS X 10_15_6) AppleWebKit/537.36 (KHTML, like Gecko) Chrome/85.0.4183.121 Safari/537.36	http://localhost:8080/	0:0:0:0:0:0:0:1	89921
2020-10-12 17:37:56	200	GET /js/chunk-2d219ff9.0aab29fd.js HTTP/1.1	Mozilla/5.0 (Macintosh; Intel Mac OS X 10_15_6) AppleWebKit/537.36 (KHTML, like Gecko) Chrome/85.0.4183.121 Safari/537.36	http://localhost:8080/	0:0:0:0:0:0:0:1	40112
2020-10-12 17:37:56	200	GET /js/app.d33bc1c6.js HTTP/1.1	Mozilla/5.0 (Macintosh; Intel Mac OS X 10_15_6) AppleWebKit/537.36 (KHTML, like Gecko) Chrome/85.0.4183.121 Safari/537.36	http://localhost:8080/	0:0:0:0:0:0:0:1	88911
2020-10-12 17:37:56	200	GET /css/chunk-vendors.427d5374.css HTTP/1.1	Mozilla/5.0 (Macintosh; Intel Mac OS X 10_15_6) AppleWebKit/537.36 (KHTML, like Gecko) Chrome/85.0.4183.121 Safari/537.36	http://localhost:8080/	0:0:0:0:0:0:0:1	254812
2020-10-12 17:37:56	200	GET /js/chunk-vendors.039d618e.js HTTP/1.1	Mozilla/5.0 (Macintosh; Intel Mac OS X 10_15_6) AppleWebKit/537.36 (KHTML, like Gecko) Chrome/85.0.4183.121 Safari/537.36	http://localhost:8080/	0:0:0:0:0:0:0:1	763648
2020-10-12 17:37:56	200	GET /js/app.d33bc1c6.js.map HTTP/1.1	Mozilla/5.0 (Macintosh; Intel Mac OS X 10_15_6) AppleWebKit/537.36 (KHTML, like Gecko) Chrome/85.0.4183.121 Safari/537.36	-	0:0:0:0:0:0:0:1	326065
2020-10-12 17:37:56	200	GET /js/chunk-vendors.039d618e.js.map HTTP/1.1	Mozilla/5.0 (Macintosh; Intel Mac OS X 10_15_6) AppleWebKit/537.36 (KHTML, like Gecko) Chrome/85.0.4183.121 Safari/537.36	-	0:0:0:0:0:0:0:1	3906877
2020-10-12 17:37:57	200	GET /js/chunk-2d219ff9.0aab29fd.js HTTP/1.1	Mozilla/5.0 (Macintosh; Intel Mac OS X 10_15_6) AppleWebKit/537.36 (KHTML, like Gecko) Chrome/85.0.4183.121 Safari/537.36	http://localhost:8080/	0:0:0:0:0:0:0:1	40112
2020-10-12 17:37:57	200	GET /img/vue-logo.png HTTP/1.1	Mozilla/5.0 (Macintosh; Intel Mac OS X 10_15_6) AppleWebKit/537.36 (KHTML, like Gecko) Chrome/85.0.4183.121 Safari/537.36	http://localhost:8080/	0:0:0:0:0:0:0:1	4178
2020-10-12 17:37:57	200	GET /img/sidebar-5.jpg HTTP/1.1	Mozilla/5.0 (Macintosh; Intel Mac OS X 10_15_6) AppleWebKit/537.36 (KHTML, like Gecko) Chrome/85.0.4183.121 Safari/537.36	http://localhost:8080/	0:0:0:0:0:0:0:1	77287
2020-10-12 17:37:57	200	GET /fonts/nucleo-icons.ff208b8d.woff2 HTTP/1.1	Mozilla/5.0 (Macintosh; Intel Mac OS X 10_15_6) AppleWebKit/537.36 (KHTML, like Gecko) Chrome/85.0.4183.121 Safari/537.36	http://localhost:8080/css/app.1c5bb2ec.css	0:0:0:0:0:0:0:1	13344
2020-10-12 17:37:57	200	GET /js/chunk-2d219ff9.0aab29fd.js.map HTTP/1.1	Mozilla/5.0 (Macintosh; Intel Mac OS X 10_15_6) AppleWebKit/537.36 (KHTML, like Gecko) Chrome/85.0.4183.121 Safari/537.36	-	0:0:0:0:0:0:0:1	242820
2020-10-12 17:37:57	200	GET /service-worker.js HTTP/1.1	Mozilla/5.0 (Macintosh; Intel Mac OS X 10_15_6) AppleWebKit/537.36 (KHTML, like Gecko) Chrome/85.0.4183.121 Safari/537.36	http://localhost:8080/	0:0:0:0:0:0:0:1	986
2020-10-12 17:38:07	404	GET /gettest HTTP/1.1	Mozilla/5.0 (Macintosh; Intel Mac OS X 10_15_6) AppleWebKit/537.36 (KHTML, like Gecko) Chrome/85.0.4183.121 Safari/537.36	http://localhost:8080/	0:0:0:0:0:0:0:1	140
2020-10-12 17:44:09	200	POST /admin/member/selectMemberListBySearchWord.json HTTP/1.1	Mozilla/5.0 (Macintosh; Intel Mac OS X 10_15_6) AppleWebKit/537.36 (KHTML, like Gecko) Chrome/85.0.4183.121 Safari/537.36	http://localhost:8080/	0:0:0:0:0:0:0:1	286
2020-10-12 17:48:46	200	GET / HTTP/1.1	PostmanRuntime/7.26.5	-	0:0:0:0:0:0:0:1	1830
2020-10-12 17:48:56	200	GET / HTTP/1.1	PostmanRuntime/7.26.5	-	0:0:0:0:0:0:0:1	1830
2020-10-12 17:49:04	200	GET / HTTP/1.1	PostmanRuntime/7.26.5	-	0:0:0:0:0:0:0:1	1830
2020-10-12 17:49:08	200	GET / HTTP/1.1	PostmanRuntime/7.26.5	-	0:0:0:0:0:0:0:1	1830
2020-10-12 17:49:49	405	POST / HTTP/1.1	PostmanRuntime/7.26.5	-	0:0:0:0:0:0:0:1	4370
2020-10-12 18:01:08	200	GET / HTTP/1.1	Mozilla/5.0 (Macintosh; Intel Mac OS X 10_15_6) AppleWebKit/537.36 (KHTML, like Gecko) Chrome/85.0.4183.121 Safari/537.36	-	0:0:0:0:0:0:0:1	1830
2020-10-12 18:01:08	200	GET /js/app.29feb1f3.js HTTP/1.1	Mozilla/5.0 (Macintosh; Intel Mac OS X 10_15_6) AppleWebKit/537.36 (KHTML, like Gecko) Chrome/85.0.4183.121 Safari/537.36	http://localhost:8080/	0:0:0:0:0:0:0:1	88912
2020-10-12 18:01:08	200	GET /css/chunk-vendors.427d5374.css HTTP/1.1	Mozilla/5.0 (Macintosh; Intel Mac OS X 10_15_6) AppleWebKit/537.36 (KHTML, like Gecko) Chrome/85.0.4183.121 Safari/537.36	http://localhost:8080/	0:0:0:0:0:0:0:1	254812
2020-10-12 18:01:08	200	GET /js/chunk-2d219ff9.0aab29fd.js HTTP/1.1	Mozilla/5.0 (Macintosh; Intel Mac OS X 10_15_6) AppleWebKit/537.36 (KHTML, like Gecko) Chrome/85.0.4183.121 Safari/537.36	http://localhost:8080/	0:0:0:0:0:0:0:1	40112
2020-10-12 18:01:08	200	GET /js/chunk-vendors.039d618e.js HTTP/1.1	Mozilla/5.0 (Macintosh; Intel Mac OS X 10_15_6) AppleWebKit/537.36 (KHTML, like Gecko) Chrome/85.0.4183.121 Safari/537.36	http://localhost:8080/	0:0:0:0:0:0:0:1	763648
2020-10-12 18:01:08	200	GET /css/app.1c5bb2ec.css HTTP/1.1	Mozilla/5.0 (Macintosh; Intel Mac OS X 10_15_6) AppleWebKit/537.36 (KHTML, like Gecko) Chrome/85.0.4183.121 Safari/537.36	http://localhost:8080/	0:0:0:0:0:0:0:1	89921
2020-10-12 18:01:09	200	GET /js/chunk-2d219ff9.0aab29fd.js HTTP/1.1	Mozilla/5.0 (Macintosh; Intel Mac OS X 10_15_6) AppleWebKit/537.36 (KHTML, like Gecko) Chrome/85.0.4183.121 Safari/537.36	http://localhost:8080/	0:0:0:0:0:0:0:1	40112
2020-10-12 18:01:09	200	GET /img/vue-logo.png HTTP/1.1	Mozilla/5.0 (Macintosh; Intel Mac OS X 10_15_6) AppleWebKit/537.36 (KHTML, like Gecko) Chrome/85.0.4183.121 Safari/537.36	http://localhost:8080/	0:0:0:0:0:0:0:1	4178
2020-10-12 18:01:09	200	GET /img/sidebar-5.jpg HTTP/1.1	Mozilla/5.0 (Macintosh; Intel Mac OS X 10_15_6) AppleWebKit/537.36 (KHTML, like Gecko) Chrome/85.0.4183.121 Safari/537.36	http://localhost:8080/	0:0:0:0:0:0:0:1	77287
2020-10-12 18:01:09	200	GET /fonts/nucleo-icons.ff208b8d.woff2 HTTP/1.1	Mozilla/5.0 (Macintosh; Intel Mac OS X 10_15_6) AppleWebKit/537.36 (KHTML, like Gecko) Chrome/85.0.4183.121 Safari/537.36	http://localhost:8080/css/app.1c5bb2ec.css	0:0:0:0:0:0:0:1	13344
2020-10-12 18:01:09	200	GET /service-worker.js HTTP/1.1	Mozilla/5.0 (Macintosh; Intel Mac OS X 10_15_6) AppleWebKit/537.36 (KHTML, like Gecko) Chrome/85.0.4183.121 Safari/537.36	http://localhost:8080/	0:0:0:0:0:0:0:1	986
2020-10-12 18:01:09	200	GET /service-worker.js HTTP/1.1	Mozilla/5.0 (Macintosh; Intel Mac OS X 10_15_6) AppleWebKit/537.36 (KHTML, like Gecko) Chrome/85.0.4183.121 Safari/537.36	http://localhost:8080/	0:0:0:0:0:0:0:1	986
2020-10-12 18:01:09	200	GET /precache-manifest.e2de71d5d1d535676a91040b88801b65.js HTTP/1.1	Mozilla/5.0 (Macintosh; Intel Mac OS X 10_15_6) AppleWebKit/537.36 (KHTML, like Gecko) Chrome/85.0.4183.121 Safari/537.36	http://localhost:8080/service-worker.js	0:0:0:0:0:0:0:1	3320
2020-10-12 18:01:09	200	GET /service-worker.js HTTP/1.1	Mozilla/5.0 (Macintosh; Intel Mac OS X 10_15_6) AppleWebKit/537.36 (KHTML, like Gecko) Chrome/85.0.4183.121 Safari/537.36	http://localhost:8080/service-worker.js	0:0:0:0:0:0:0:1	986
2020-10-12 18:01:09	200	GET /css/app.1c5bb2ec.css HTTP/1.1	Mozilla/5.0 (Macintosh; Intel Mac OS X 10_15_6) AppleWebKit/537.36 (KHTML, like Gecko) Chrome/85.0.4183.121 Safari/537.36	http://localhost:8080/service-worker.js	0:0:0:0:0:0:0:1	89921
2020-10-12 18:01:09	200	GET /js/app.29feb1f3.js HTTP/1.1	Mozilla/5.0 (Macintosh; Intel Mac OS X 10_15_6) AppleWebKit/537.36 (KHTML, like Gecko) Chrome/85.0.4183.121 Safari/537.36	http://localhost:8080/service-worker.js	0:0:0:0:0:0:0:1	88912
2020-10-12 18:01:09	200	GET /js/chunk-2d219ff9.0aab29fd.js HTTP/1.1	Mozilla/5.0 (Macintosh; Intel Mac OS X 10_15_6) AppleWebKit/537.36 (KHTML, like Gecko) Chrome/85.0.4183.121 Safari/537.36	http://localhost:8080/service-worker.js	0:0:0:0:0:0:0:1	40112
2020-10-12 18:01:09	200	GET /css/chunk-vendors.427d5374.css HTTP/1.1	Mozilla/5.0 (Macintosh; Intel Mac OS X 10_15_6) AppleWebKit/537.36 (KHTML, like Gecko) Chrome/85.0.4183.121 Safari/537.36	http://localhost:8080/service-worker.js	0:0:0:0:0:0:0:1	254812
2020-10-12 18:01:09	200	GET /fonts/nucleo-icons.8224e016.eot HTTP/1.1	Mozilla/5.0 (Macintosh; Intel Mac OS X 10_15_6) AppleWebKit/537.36 (KHTML, like Gecko) Chrome/85.0.4183.121 Safari/537.36	http://localhost:8080/service-worker.js	0:0:0:0:0:0:0:1	27560
2020-10-12 18:01:09	200	GET /fonts/nucleo-icons.ff208b8d.woff2 HTTP/1.1	Mozilla/5.0 (Macintosh; Intel Mac OS X 10_15_6) AppleWebKit/537.36 (KHTML, like Gecko) Chrome/85.0.4183.121 Safari/537.36	http://localhost:8080/service-worker.js	0:0:0:0:0:0:0:1	13344
2020-10-12 18:01:09	200	GET /js/chunk-vendors.039d618e.js HTTP/1.1	Mozilla/5.0 (Macintosh; Intel Mac OS X 10_15_6) AppleWebKit/537.36 (KHTML, like Gecko) Chrome/85.0.4183.121 Safari/537.36	http://localhost:8080/service-worker.js	0:0:0:0:0:0:0:1	763648
2020-10-12 18:01:09	200	GET /index.html HTTP/1.1	Mozilla/5.0 (Macintosh; Intel Mac OS X 10_15_6) AppleWebKit/537.36 (KHTML, like Gecko) Chrome/85.0.4183.121 Safari/537.36	http://localhost:8080/service-worker.js	0:0:0:0:0:0:0:1	1830
2020-10-12 18:01:09	200	GET /fonts/nucleo-icons.b0dc05d0.ttf HTTP/1.1	Mozilla/5.0 (Macintosh; Intel Mac OS X 10_15_6) AppleWebKit/537.36 (KHTML, like Gecko) Chrome/85.0.4183.121 Safari/537.36	http://localhost:8080/service-worker.js	0:0:0:0:0:0:0:1	27376
2020-10-12 18:01:09	200	GET /img/nucleo-icons.ae42fa52.svg HTTP/1.1	Mozilla/5.0 (Macintosh; Intel Mac OS X 10_15_6) AppleWebKit/537.36 (KHTML, like Gecko) Chrome/85.0.4183.121 Safari/537.36	http://localhost:8080/service-worker.js	0:0:0:0:0:0:0:1	149268
2020-10-12 18:01:09	200	GET /favicon.png HTTP/1.1	Mozilla/5.0 (Macintosh; Intel Mac OS X 10_15_6) AppleWebKit/537.36 (KHTML, like Gecko) Chrome/85.0.4183.121 Safari/537.36	http://localhost:8080/service-worker.js	0:0:0:0:0:0:0:1	2761
2020-10-12 18:01:09	200	GET /Dashboard.PNG HTTP/1.1	Mozilla/5.0 (Macintosh; Intel Mac OS X 10_15_6) AppleWebKit/537.36 (KHTML, like Gecko) Chrome/85.0.4183.121 Safari/537.36	http://localhost:8080/service-worker.js	0:0:0:0:0:0:0:1	224552
2020-10-12 18:01:09	200	GET /img/faces/face-0.jpg HTTP/1.1	Mozilla/5.0 (Macintosh; Intel Mac OS X 10_15_6) AppleWebKit/537.36 (KHTML, like Gecko) Chrome/85.0.4183.121 Safari/537.36	http://localhost:8080/service-worker.js	0:0:0:0:0:0:0:1	2864
2020-10-12 18:01:09	200	GET /img/faces/face-1.jpg HTTP/1.1	Mozilla/5.0 (Macintosh; Intel Mac OS X 10_15_6) AppleWebKit/537.36 (KHTML, like Gecko) Chrome/85.0.4183.121 Safari/537.36	http://localhost:8080/service-worker.js	0:0:0:0:0:0:0:1	20568
2020-10-12 18:01:09	200	GET /img/default-avatar.png HTTP/1.1	Mozilla/5.0 (Macintosh; Intel Mac OS X 10_15_6) AppleWebKit/537.36 (KHTML, like Gecko) Chrome/85.0.4183.121 Safari/537.36	http://localhost:8080/service-worker.js	0:0:0:0:0:0:0:1	2864
2020-10-12 18:01:09	200	GET /img/faces/face-2.jpg HTTP/1.1	Mozilla/5.0 (Macintosh; Intel Mac OS X 10_15_6) AppleWebKit/537.36 (KHTML, like Gecko) Chrome/85.0.4183.121 Safari/537.36	http://localhost:8080/service-worker.js	0:0:0:0:0:0:0:1	20663
2020-10-12 18:01:09	200	GET /img/faces/face-5.jpg HTTP/1.1	Mozilla/5.0 (Macintosh; Intel Mac OS X 10_15_6) AppleWebKit/537.36 (KHTML, like Gecko) Chrome/85.0.4183.121 Safari/537.36	http://localhost:8080/service-worker.js	0:0:0:0:0:0:0:1	4716
2020-10-12 18:01:09	200	GET /img/faces/face-4.jpg HTTP/1.1	Mozilla/5.0 (Macintosh; Intel Mac OS X 10_15_6) AppleWebKit/537.36 (KHTML, like Gecko) Chrome/85.0.4183.121 Safari/537.36	http://localhost:8080/service-worker.js	0:0:0:0:0:0:0:1	19868
2020-10-12 18:01:09	200	GET /img/faces/face-3.jpg HTTP/1.1	Mozilla/5.0 (Macintosh; Intel Mac OS X 10_15_6) AppleWebKit/537.36 (KHTML, like Gecko) Chrome/85.0.4183.121 Safari/537.36	http://localhost:8080/service-worker.js	0:0:0:0:0:0:0:1	20603
2020-10-12 18:01:09	200	GET /img/faces/face-6.jpg HTTP/1.1	Mozilla/5.0 (Macintosh; Intel Mac OS X 10_15_6) AppleWebKit/537.36 (KHTML, like Gecko) Chrome/85.0.4183.121 Safari/537.36	http://localhost:8080/service-worker.js	0:0:0:0:0:0:0:1	4581
2020-10-12 18:01:09	200	GET /img/faces/face-7.jpg HTTP/1.1	Mozilla/5.0 (Macintosh; Intel Mac OS X 10_15_6) AppleWebKit/537.36 (KHTML, like Gecko) Chrome/85.0.4183.121 Safari/537.36	http://localhost:8080/service-worker.js	0:0:0:0:0:0:0:1	21603
2020-10-12 18:01:09	200	GET /img/faces/tim_vector.jpe HTTP/1.1	Mozilla/5.0 (Macintosh; Intel Mac OS X 10_15_6) AppleWebKit/537.36 (KHTML, like Gecko) Chrome/85.0.4183.121 Safari/537.36	http://localhost:8080/service-worker.js	0:0:0:0:0:0:0:1	29406
2020-10-12 18:01:09	200	GET /img/mask.png HTTP/1.1	Mozilla/5.0 (Macintosh; Intel Mac OS X 10_15_6) AppleWebKit/537.36 (KHTML, like Gecko) Chrome/85.0.4183.121 Safari/537.36	http://localhost:8080/service-worker.js	0:0:0:0:0:0:0:1	756
2020-10-12 18:01:09	200	GET /img/favicon.png HTTP/1.1	Mozilla/5.0 (Macintosh; Intel Mac OS X 10_15_6) AppleWebKit/537.36 (KHTML, like Gecko) Chrome/85.0.4183.121 Safari/537.36	http://localhost:8080/service-worker.js	0:0:0:0:0:0:0:1	2761
2020-10-12 18:01:09	200	GET /img/loading-bubbles.svg HTTP/1.1	Mozilla/5.0 (Macintosh; Intel Mac OS X 10_15_6) AppleWebKit/537.36 (KHTML, like Gecko) Chrome/85.0.4183.121 Safari/537.36	http://localhost:8080/service-worker.js	0:0:0:0:0:0:0:1	950
2020-10-12 18:01:09	200	GET /img/new_logo.png HTTP/1.1	Mozilla/5.0 (Macintosh; Intel Mac OS X 10_15_6) AppleWebKit/537.36 (KHTML, like Gecko) Chrome/85.0.4183.121 Safari/537.36	http://localhost:8080/service-worker.js	0:0:0:0:0:0:0:1	3557
2020-10-12 18:01:09	200	GET /img/sidebar-3.jpg HTTP/1.1	Mozilla/5.0 (Macintosh; Intel Mac OS X 10_15_6) AppleWebKit/537.36 (KHTML, like Gecko) Chrome/85.0.4183.121 Safari/537.36	http://localhost:8080/service-worker.js	0:0:0:0:0:0:0:1	119572
2020-10-12 18:01:09	200	GET /img/sidebar-2.jpg HTTP/1.1	Mozilla/5.0 (Macintosh; Intel Mac OS X 10_15_6) AppleWebKit/537.36 (KHTML, like Gecko) Chrome/85.0.4183.121 Safari/537.36	http://localhost:8080/service-worker.js	0:0:0:0:0:0:0:1	129997
2020-10-12 18:01:09	200	GET /img/sidebar-5.jpg HTTP/1.1	Mozilla/5.0 (Macintosh; Intel Mac OS X 10_15_6) AppleWebKit/537.36 (KHTML, like Gecko) Chrome/85.0.4183.121 Safari/537.36	http://localhost:8080/service-worker.js	0:0:0:0:0:0:0:1	77287
2020-10-12 18:01:09	200	GET /img/sidebar-1.jpg HTTP/1.1	Mozilla/5.0 (Macintosh; Intel Mac OS X 10_15_6) AppleWebKit/537.36 (KHTML, like Gecko) Chrome/85.0.4183.121 Safari/537.36	http://localhost:8080/service-worker.js	0:0:0:0:0:0:0:1	225399
2020-10-12 18:01:09	200	GET /img/tim_80x80.png HTTP/1.1	Mozilla/5.0 (Macintosh; Intel Mac OS X 10_15_6) AppleWebKit/537.36 (KHTML, like Gecko) Chrome/85.0.4183.121 Safari/537.36	http://localhost:8080/service-worker.js	0:0:0:0:0:0:0:1	4821
2020-10-12 18:01:09	200	GET /img/vue-logo.png HTTP/1.1	Mozilla/5.0 (Macintosh; Intel Mac OS X 10_15_6) AppleWebKit/537.36 (KHTML, like Gecko) Chrome/85.0.4183.121 Safari/537.36	http://localhost:8080/service-worker.js	0:0:0:0:0:0:0:1	4178
2020-10-12 18:01:09	200	GET /robots.txt HTTP/1.1	Mozilla/5.0 (Macintosh; Intel Mac OS X 10_15_6) AppleWebKit/537.36 (KHTML, like Gecko) Chrome/85.0.4183.121 Safari/537.36	http://localhost:8080/service-worker.js	0:0:0:0:0:0:0:1	24
2020-10-12 18:01:09	200	GET /img/sidebar-4.jpg HTTP/1.1	Mozilla/5.0 (Macintosh; Intel Mac OS X 10_15_6) AppleWebKit/537.36 (KHTML, like Gecko) Chrome/85.0.4183.121 Safari/537.36	http://localhost:8080/service-worker.js	0:0:0:0:0:0:0:1	143224
2020-10-12 18:01:09	404	GET /.gitkeep HTTP/1.1	Mozilla/5.0 (Macintosh; Intel Mac OS X 10_15_6) AppleWebKit/537.36 (KHTML, like Gecko) Chrome/85.0.4183.121 Safari/537.36	http://localhost:8080/service-worker.js	0:0:0:0:0:0:0:1	141
2020-10-12 18:01:12	200	GET /css/app.1c5bb2ec.css HTTP/1.1	Mozilla/5.0 (Macintosh; Intel Mac OS X 10_15_6) AppleWebKit/537.36 (KHTML, like Gecko) Chrome/85.0.4183.121 Safari/537.36	http://localhost:8080/	0:0:0:0:0:0:0:1	89921
2020-10-12 18:01:12	200	GET /css/chunk-vendors.427d5374.css HTTP/1.1	Mozilla/5.0 (Macintosh; Intel Mac OS X 10_15_6) AppleWebKit/537.36 (KHTML, like Gecko) Chrome/85.0.4183.121 Safari/537.36	http://localhost:8080/	0:0:0:0:0:0:0:1	254812
2020-10-12 18:01:12	200	GET /manifest.json HTTP/1.1	Mozilla/5.0 (Macintosh; Intel Mac OS X 10_15_6) AppleWebKit/537.36 (KHTML, like Gecko) Chrome/85.0.4183.121 Safari/537.36	http://localhost:8080/	0:0:0:0:0:0:0:1	471
2020-10-12 18:01:12	200	GET /js/chunk-2d219ff9.0aab29fd.js.map HTTP/1.1	Mozilla/5.0 (Macintosh; Intel Mac OS X 10_15_6) AppleWebKit/537.36 (KHTML, like Gecko) Chrome/85.0.4183.121 Safari/537.36	-	0:0:0:0:0:0:0:1	242820
2020-10-12 18:01:12	200	GET /js/app.29feb1f3.js.map HTTP/1.1	Mozilla/5.0 (Macintosh; Intel Mac OS X 10_15_6) AppleWebKit/537.36 (KHTML, like Gecko) Chrome/85.0.4183.121 Safari/537.36	-	0:0:0:0:0:0:0:1	326131
2020-10-12 18:01:12	200	GET /js/chunk-vendors.039d618e.js.map HTTP/1.1	Mozilla/5.0 (Macintosh; Intel Mac OS X 10_15_6) AppleWebKit/537.36 (KHTML, like Gecko) Chrome/85.0.4183.121 Safari/537.36	-	0:0:0:0:0:0:0:1	3906877
2020-10-12 18:01:25	400	GET /admin/menu/gettest HTTP/1.1	Mozilla/5.0 (Macintosh; Intel Mac OS X 10_15_6) AppleWebKit/537.36 (KHTML, like Gecko) Chrome/85.0.4183.121 Safari/537.36	http://localhost:8080/	0:0:0:0:0:0:0:1	5334
2020-10-12 18:02:28	400	GET /admin/menu/gettest HTTP/1.1	Mozilla/5.0 (Macintosh; Intel Mac OS X 10_15_6) AppleWebKit/537.36 (KHTML, like Gecko) Chrome/85.0.4183.121 Safari/537.36	http://localhost:8080/	0:0:0:0:0:0:0:1	5334
2020-10-12 18:03:21	400	GET /admin/menu/gettest HTTP/1.1	Mozilla/5.0 (Macintosh; Intel Mac OS X 10_15_6) AppleWebKit/537.36 (KHTML, like Gecko) Chrome/85.0.4183.121 Safari/537.36	http://localhost:8080/	0:0:0:0:0:0:0:1	5334
2020-10-12 18:05:26	200	GET / HTTP/1.1	Mozilla/5.0 (Macintosh; Intel Mac OS X 10_15_6) AppleWebKit/537.36 (KHTML, like Gecko) Chrome/85.0.4183.121 Safari/537.36	-	0:0:0:0:0:0:0:1	1830
2020-10-12 18:05:26	200	GET /css/chunk-vendors.427d5374.css HTTP/1.1	Mozilla/5.0 (Macintosh; Intel Mac OS X 10_15_6) AppleWebKit/537.36 (KHTML, like Gecko) Chrome/85.0.4183.121 Safari/537.36	http://localhost:8080/	0:0:0:0:0:0:0:1	254812
2020-10-12 18:05:26	200	GET /js/chunk-vendors.039d618e.js HTTP/1.1	Mozilla/5.0 (Macintosh; Intel Mac OS X 10_15_6) AppleWebKit/537.36 (KHTML, like Gecko) Chrome/85.0.4183.121 Safari/537.36	http://localhost:8080/	0:0:0:0:0:0:0:1	763648
2020-10-12 18:05:26	200	GET /js/chunk-2d219ff9.0aab29fd.js HTTP/1.1	Mozilla/5.0 (Macintosh; Intel Mac OS X 10_15_6) AppleWebKit/537.36 (KHTML, like Gecko) Chrome/85.0.4183.121 Safari/537.36	http://localhost:8080/	0:0:0:0:0:0:0:1	40112
2020-10-12 18:05:26	200	GET /js/app.29feb1f3.js HTTP/1.1	Mozilla/5.0 (Macintosh; Intel Mac OS X 10_15_6) AppleWebKit/537.36 (KHTML, like Gecko) Chrome/85.0.4183.121 Safari/537.36	http://localhost:8080/	0:0:0:0:0:0:0:1	88912
2020-10-12 18:05:26	200	GET /css/app.1c5bb2ec.css HTTP/1.1	Mozilla/5.0 (Macintosh; Intel Mac OS X 10_15_6) AppleWebKit/537.36 (KHTML, like Gecko) Chrome/85.0.4183.121 Safari/537.36	http://localhost:8080/	0:0:0:0:0:0:0:1	89921
2020-10-12 18:05:26	200	GET /js/app.29feb1f3.js.map HTTP/1.1	Mozilla/5.0 (Macintosh; Intel Mac OS X 10_15_6) AppleWebKit/537.36 (KHTML, like Gecko) Chrome/85.0.4183.121 Safari/537.36	-	0:0:0:0:0:0:0:1	326131
2020-10-12 18:05:26	200	GET /js/chunk-vendors.039d618e.js.map HTTP/1.1	Mozilla/5.0 (Macintosh; Intel Mac OS X 10_15_6) AppleWebKit/537.36 (KHTML, like Gecko) Chrome/85.0.4183.121 Safari/537.36	-	0:0:0:0:0:0:0:1	3906877
2020-10-12 18:05:26	200	GET /img/vue-logo.png HTTP/1.1	Mozilla/5.0 (Macintosh; Intel Mac OS X 10_15_6) AppleWebKit/537.36 (KHTML, like Gecko) Chrome/85.0.4183.121 Safari/537.36	http://localhost:8080/	0:0:0:0:0:0:0:1	4178
2020-10-12 18:05:26	200	GET /img/sidebar-5.jpg HTTP/1.1	Mozilla/5.0 (Macintosh; Intel Mac OS X 10_15_6) AppleWebKit/537.36 (KHTML, like Gecko) Chrome/85.0.4183.121 Safari/537.36	http://localhost:8080/	0:0:0:0:0:0:0:1	77287
2020-10-12 18:05:26	200	GET /fonts/nucleo-icons.ff208b8d.woff2 HTTP/1.1	Mozilla/5.0 (Macintosh; Intel Mac OS X 10_15_6) AppleWebKit/537.36 (KHTML, like Gecko) Chrome/85.0.4183.121 Safari/537.36	http://localhost:8080/css/app.1c5bb2ec.css	0:0:0:0:0:0:0:1	13344
2020-10-12 18:05:26	200	GET /service-worker.js HTTP/1.1	Mozilla/5.0 (Macintosh; Intel Mac OS X 10_15_6) AppleWebKit/537.36 (KHTML, like Gecko) Chrome/85.0.4183.121 Safari/537.36	http://localhost:8080/	0:0:0:0:0:0:0:1	986
2020-10-12 18:05:31	200	GET /admin/menu/gettest HTTP/1.1	Mozilla/5.0 (Macintosh; Intel Mac OS X 10_15_6) AppleWebKit/537.36 (KHTML, like Gecko) Chrome/85.0.4183.121 Safari/537.36	http://localhost:8080/	0:0:0:0:0:0:0:1	7
